[ 2017-09-21T08:31:30+08:00 ] 127.0.0.1 /Admin/login/index.html
INFO: [ app_begin ] --START--
INFO: Run Behavior\ReadHtmlCacheBehavior [ RunTime:0.000000s ]
INFO: [ app_begin ] --END-- [ RunTime:0.000000s ]
SQL: SHOW COLUMNS FROM `yu_user` [ RunTime:0.0020s ]
SQL: SELECT * FROM `yu_user` WHERE ( userName='admin' and password='0ac91bfee1788fb7419cd90009feaa14' ) LIMIT 1   [ RunTime:0.0010s ]

[ 2017-09-21T13:47:21+08:00 ] 127.0.0.1 /Admin/login/index.html
INFO: [ app_begin ] --START--
INFO: Run Behavior\ReadHtmlCacheBehavior [ RunTime:0.000000s ]
INFO: [ app_begin ] --END-- [ RunTime:0.001000s ]
SQL: SHOW COLUMNS FROM `yu_user` [ RunTime:0.0020s ]
SQL: SELECT * FROM `yu_user` WHERE ( userName='admin' and password='0ac91bfee1788fb7419cd90009feaa14' ) LIMIT 1   [ RunTime:0.0010s ]

[ 2017-09-21T13:47:33+08:00 ] 127.0.0.1 /admin/shopproduct/usave.html
INFO: [ app_begin ] --START--
INFO: Run Behavior\ReadHtmlCacheBehavior [ RunTime:0.000000s ]
INFO: [ app_begin ] --END-- [ RunTime:0.001000s ]
SQL: SHOW COLUMNS FROM `yu_auth_group_access` [ RunTime:0.0010s ]
SQL: SELECT `uid`,`group_id`,`title`,`rules` FROM yu_auth_group_access a INNER JOIN yu_auth_group g on a.group_id=g.id  WHERE ( a.uid='30' and g.status='1' )  [ RunTime:0.0000s ]
SQL: SHOW COLUMNS FROM `yu_auth_rule` [ RunTime:0.0020s ]
SQL: SELECT `condition`,`name` FROM `yu_auth_rule` WHERE `id` IN ('16','43','44','45','46','60','71','72','17','52','53','54','55','56','59','70','18','47','49','50','58','202','203','201','216','217','206','207','225','249','250','209','210','211','212','213','214','215','218','219','220','221','222','223','224','226','227','228','229','230','231','232','233','234','235','236','237','238','239','240','241','242','243','244','245','246','247','248','251','253','254','255','256','257','258','287','259','260','261','262','263','264','265','266','267','268','269','270','271','272','273','274','275','276','277','278','279','280','281','282','283','284','285','286') AND `type` = 1 AND `status` = 1  [ RunTime:0.0010s ]
SQL: SHOW COLUMNS FROM `yu_s_product` [ RunTime:0.0010s ]
NOTIC: [8] Undefined index: validate D:\wamp64\www\1Test\yl_yifangyou\ThinkPHP\Library\Think\Model.class.php 第 1185 行.
NOTIC: [8] Undefined index: auto D:\wamp64\www\1Test\yl_yifangyou\ThinkPHP\Library\Think\Model.class.php 第 1128 行.
SQL: UPDATE `yu_s_product` SET `name`='威海乳山4A级旅游度 假区 闻涛美域小区5',`typeid`='6',`is_recommend`='0',`price`='600.00',`market_price`='856',`max_num`='2',`order_num`='0',`litpic`='/Uploads/images/2017-09-15/59bba95954867.jpg',`province_id`='310000',`city_id`='310100',`area_id`='310118',`address`='',`updated_at`='2017-09-15 18:20:21',`description`='化娱乐”为一体的综合性大型休闲旅游胜地。先后被评为：“国际知名旅游景区”、“国家水利风景区”“国家海洋公园”“中国十佳休闲胜地”、“国际旅游生态示范基地”',`content`='<p><span style=\"color: rgb(34, 34, 34); font-family: Consolas, &quot;Lucida Console&quot;, &quot;Courier New&quot;, monospace; font-size: 12px; white-space: pre-wrap; background-color: rgb(255, 255, 255);\">化娱乐”为一体的综合性大型休闲旅游胜地。先后被评为：“国际知名旅游景区”、“国家水利风景区”“国家海洋公园”“中国十佳休闲胜地”、“国际旅游生态示范基地”</span><span style=\"color: rgb(34, 34, 34); font-family: Consolas, &quot;Lucida Console&quot;, &quot;Courier New&quot;, monospace; font-size: 12px; white-space: pre-wrap; background-color: rgb(255, 255, 255);\">化娱乐”为一体的综合性大型休闲旅游胜地。先后被评为：“国际知名旅游景区”、“国家水利风景区”“国家海洋公园”“中国十佳休闲胜地”、“国际旅游生态示范基地”</span><span style=\"color: rgb(34, 34, 34); font-family: Consolas, &quot;Lucida Console&quot;, &quot;Courier New&quot;, monospace; font-size: 12px; white-space: pre-wrap; background-color: rgb(255, 255, 255);\">化娱乐”为一体的综合性大型休闲旅游胜地。先后被评为：“国际知名旅游景区”、“国家水利风景区”“国家海洋公园”“中国十佳休闲胜地”、“国际旅游生态示范基地”</span><span style=\"color: rgb(34, 34, 34); font-family: Consolas, &quot;Lucida Console&quot;, &quot;Courier New&quot;, monospace; font-size: 12px; white-space: pre-wrap; background-color: rgb(255, 255, 255);\">化娱乐”为一体的综合性大型休闲旅游胜地。先后被评为：“国际知名旅游景区”、“国家水利风景区”“国家海洋公园”“中国十佳休闲胜地”、“国际旅游生态示范基地”</span></p>',`images`='/Uploads/images/2017-09-15/59bba95954867.jpg' WHERE `id` = 12 [ RunTime:0.0470s ]

[ 2017-09-21T15:22:44+08:00 ] 127.0.0.1 /Admin/login/index.html
INFO: [ app_begin ] --START--
INFO: Run Behavior\ReadHtmlCacheBehavior [ RunTime:0.000000s ]
INFO: [ app_begin ] --END-- [ RunTime:0.000000s ]
SQL: SHOW COLUMNS FROM `yu_user` [ RunTime:0.0020s ]
SQL: SELECT * FROM `yu_user` WHERE ( userName='' and password='84fff20659999e2b83b45c6851ec57dd' ) LIMIT 1   [ RunTime:0.0000s ]

[ 2017-09-21T15:23:23+08:00 ] 127.0.0.1 /Admin/login/index.html
INFO: [ app_begin ] --START--
INFO: Run Behavior\ReadHtmlCacheBehavior [ RunTime:0.001000s ]
INFO: [ app_begin ] --END-- [ RunTime:0.001000s ]
SQL: SHOW COLUMNS FROM `yu_user` [ RunTime:0.0020s ]
SQL: SELECT * FROM `yu_user` WHERE ( userName='admin' and password='0ac91bfee1788fb7419cd90009feaa14' ) LIMIT 1   [ RunTime:0.0010s ]

