[ 2017-09-13T08:39:30+08:00 ] 127.0.0.1 /Admin/login/index.html
INFO: [ app_begin ] --START--
INFO: Run Behavior\ReadHtmlCacheBehavior [ RunTime:0.001000s ]
INFO: [ app_begin ] --END-- [ RunTime:0.002000s ]
SQL: SHOW COLUMNS FROM `yu_user` [ RunTime:0.0020s ]
SQL: SELECT * FROM `yu_user` WHERE ( userName='admin' and password='0ac91bfee1788fb7419cd90009feaa14' ) LIMIT 1   [ RunTime:0.0010s ]

[ 2017-09-13T08:39:53+08:00 ] 127.0.0.1 /admin/newstype/save.html
INFO: [ app_begin ] --START--
INFO: Run Behavior\ReadHtmlCacheBehavior [ RunTime:0.001000s ]
INFO: [ app_begin ] --END-- [ RunTime:0.002000s ]
SQL: SHOW COLUMNS FROM `yu_auth_group_access` [ RunTime:0.0010s ]
SQL: SELECT `uid`,`group_id`,`title`,`rules` FROM yu_auth_group_access a INNER JOIN yu_auth_group g on a.group_id=g.id  WHERE ( a.uid='30' and g.status='1' )  [ RunTime:0.0000s ]
SQL: SHOW COLUMNS FROM `yu_auth_rule` [ RunTime:0.0010s ]
SQL: SELECT `condition`,`name` FROM `yu_auth_rule` WHERE `id` IN ('16','43','44','45','46','60','71','72','17','52','53','54','55','56','59','70','18','47','49','50','58','202','203','201','216','217','206','207','225','249','250','209','210','211','212','213','214','215','218','219','220','221','222','223','224','226','227','228','229','230','231','232','233','234','235','236','237','238','239','240','241','242','243','244','245','246','247','248','251','253','254','255','256','257','258') AND `type` = 1 AND `status` = 1  [ RunTime:0.0010s ]
SQL: SHOW COLUMNS FROM `yu_n_type` [ RunTime:0.0010s ]
NOTIC: [8] Undefined index: validate D:\wamp64\www\1Test\yl_yifangyou\ThinkPHP\Library\Think\Model.class.php 第 1185 行.
SQL: SELECT * FROM `yu_n_type` WHERE `typename` = '联系我们' LIMIT 1   [ RunTime:0.0000s ]
NOTIC: [8] Undefined index: auto D:\wamp64\www\1Test\yl_yifangyou\ThinkPHP\Library\Think\Model.class.php 第 1128 行.
SQL: INSERT INTO `yu_n_type` (`typename`,`pid`,`sortrank`,`content`) VALUES ('联系我们','0','0','<p>特殊他</p>') [ RunTime:0.0000s ]

[ 2017-09-13T10:35:28+08:00 ] 127.0.0.1 /Admin/login/index.html
INFO: [ app_begin ] --START--
INFO: Run Behavior\ReadHtmlCacheBehavior [ RunTime:0.001000s ]
INFO: [ app_begin ] --END-- [ RunTime:0.001000s ]
SQL: SHOW COLUMNS FROM `yu_user` [ RunTime:0.0020s ]
SQL: SELECT * FROM `yu_user` WHERE ( userName='admin' and password='0ac91bfee1788fb7419cd90009feaa14' ) LIMIT 1   [ RunTime:0.0010s ]

