[ 2017-09-23T09:44:22+08:00 ] 127.0.0.1 /Admin/login/index.html
INFO: [ app_begin ] --START--
INFO: Run Behavior\ReadHtmlCacheBehavior [ RunTime:0.000000s ]
INFO: [ app_begin ] --END-- [ RunTime:0.001000s ]
SQL: SHOW COLUMNS FROM `yu_user` [ RunTime:0.0020s ]
SQL: SELECT * FROM `yu_user` WHERE ( userName='admin' and password='0ac91bfee1788fb7419cd90009feaa14' ) LIMIT 1   [ RunTime:0.0000s ]

[ 2017-09-23T11:07:32+08:00 ] 127.0.0.1 /admin/reply/usave.html
INFO: [ app_begin ] --START--
INFO: Run Behavior\ReadHtmlCacheBehavior [ RunTime:0.000000s ]
INFO: [ app_begin ] --END-- [ RunTime:0.001000s ]
SQL: SHOW COLUMNS FROM `yu_auth_group_access` [ RunTime:0.0010s ]
SQL: SELECT `uid`,`group_id`,`title`,`rules` FROM yu_auth_group_access a INNER JOIN yu_auth_group g on a.group_id=g.id  WHERE ( a.uid='30' and g.status='1' )  [ RunTime:0.0010s ]
SQL: SHOW COLUMNS FROM `yu_auth_rule` [ RunTime:0.0010s ]
SQL: SELECT `condition`,`name` FROM `yu_auth_rule` WHERE `id` IN ('16','43','44','45','46','60','71','72','17','52','53','54','55','56','59','70','18','47','49','50','58','202','203','201','216','217','206','207','225','249','250','209','210','211','212','213','214','215','218','219','220','221','222','223','224','226','227','228','229','230','231','232','233','234','235','236','237','238','239','240','241','242','243','244','245','246','247','248','251','253','254','255','256','257','258','287','259','260','261','262','263','264','265','266','267','268','269','270','271','272','273','274','275','276','277','278','279','280','281','282','283','284','285','286','288','289','290','291','292','293','294') AND `type` = 1 AND `status` = 1  [ RunTime:0.0010s ]
SQL: SHOW COLUMNS FROM `yu_autoreply` [ RunTime:0.0010s ]
NOTIC: [8] Undefined index: validate D:\wamp64\www\1Test\yl_yifangyou\ThinkPHP\Library\Think\Model.class.php 第 1185 行.
NOTIC: [8] Undefined index: auto D:\wamp64\www\1Test\yl_yifangyou\ThinkPHP\Library\Think\Model.class.php 第 1128 行.
SQL: UPDATE `yu_autoreply` SET `content`='测试1adfsdfsdf' WHERE `id` = 2 [ RunTime:0.0250s ]

[ 2017-09-23T11:08:29+08:00 ] 127.0.0.1 /admin/reply/usave.html
INFO: [ app_begin ] --START--
INFO: Run Behavior\ReadHtmlCacheBehavior [ RunTime:0.001000s ]
INFO: [ app_begin ] --END-- [ RunTime:0.002000s ]
SQL: SHOW COLUMNS FROM `yu_auth_group_access` [ RunTime:0.0010s ]
SQL: SELECT `uid`,`group_id`,`title`,`rules` FROM yu_auth_group_access a INNER JOIN yu_auth_group g on a.group_id=g.id  WHERE ( a.uid='30' and g.status='1' )  [ RunTime:0.0000s ]
SQL: SHOW COLUMNS FROM `yu_auth_rule` [ RunTime:0.0010s ]
SQL: SELECT `condition`,`name` FROM `yu_auth_rule` WHERE `id` IN ('16','43','44','45','46','60','71','72','17','52','53','54','55','56','59','70','18','47','49','50','58','202','203','201','216','217','206','207','225','249','250','209','210','211','212','213','214','215','218','219','220','221','222','223','224','226','227','228','229','230','231','232','233','234','235','236','237','238','239','240','241','242','243','244','245','246','247','248','251','253','254','255','256','257','258','287','259','260','261','262','263','264','265','266','267','268','269','270','271','272','273','274','275','276','277','278','279','280','281','282','283','284','285','286','288','289','290','291','292','293','294') AND `type` = 1 AND `status` = 1  [ RunTime:0.0010s ]
SQL: SHOW COLUMNS FROM `yu_autoreply` [ RunTime:0.0010s ]
NOTIC: [8] Undefined index: validate D:\wamp64\www\1Test\yl_yifangyou\ThinkPHP\Library\Think\Model.class.php 第 1185 行.
NOTIC: [8] Undefined index: auto D:\wamp64\www\1Test\yl_yifangyou\ThinkPHP\Library\Think\Model.class.php 第 1128 行.
SQL: UPDATE `yu_autoreply` SET `content`='您好，欢迎咨询易房游会员客服中心，
我们在收到您的留言后会在24小时内
予以回复。
若有紧急情况请拨打易房游客服电话:
    400-661-8888
' WHERE `id` = 2 [ RunTime:0.0550s ]

[ 2017-09-23T11:09:21+08:00 ] 127.0.0.1 /admin/reply/usave.html
INFO: [ app_begin ] --START--
INFO: Run Behavior\ReadHtmlCacheBehavior [ RunTime:0.001000s ]
INFO: [ app_begin ] --END-- [ RunTime:0.001000s ]
SQL: SHOW COLUMNS FROM `yu_auth_group_access` [ RunTime:0.0010s ]
SQL: SELECT `uid`,`group_id`,`title`,`rules` FROM yu_auth_group_access a INNER JOIN yu_auth_group g on a.group_id=g.id  WHERE ( a.uid='30' and g.status='1' )  [ RunTime:0.0000s ]
SQL: SHOW COLUMNS FROM `yu_auth_rule` [ RunTime:0.0010s ]
SQL: SELECT `condition`,`name` FROM `yu_auth_rule` WHERE `id` IN ('16','43','44','45','46','60','71','72','17','52','53','54','55','56','59','70','18','47','49','50','58','202','203','201','216','217','206','207','225','249','250','209','210','211','212','213','214','215','218','219','220','221','222','223','224','226','227','228','229','230','231','232','233','234','235','236','237','238','239','240','241','242','243','244','245','246','247','248','251','253','254','255','256','257','258','287','259','260','261','262','263','264','265','266','267','268','269','270','271','272','273','274','275','276','277','278','279','280','281','282','283','284','285','286','288','289','290','291','292','293','294') AND `type` = 1 AND `status` = 1  [ RunTime:0.0010s ]
SQL: SHOW COLUMNS FROM `yu_autoreply` [ RunTime:0.0010s ]
NOTIC: [8] Undefined index: validate D:\wamp64\www\1Test\yl_yifangyou\ThinkPHP\Library\Think\Model.class.php 第 1185 行.
NOTIC: [8] Undefined index: auto D:\wamp64\www\1Test\yl_yifangyou\ThinkPHP\Library\Think\Model.class.php 第 1128 行.
SQL: UPDATE `yu_autoreply` SET `content`='您好，欢迎咨询易房游会员客服中心，
<br>我们在收到您的留言后会在24小时内
予以回复。<br>
若有紧急情况请拨打易房游客服电话:
    400-661-8888
' WHERE `id` = 2 [ RunTime:0.0280s ]

[ 2017-09-23T11:09:34+08:00 ] 127.0.0.1 /admin/reply/usave.html
INFO: [ app_begin ] --START--
INFO: Run Behavior\ReadHtmlCacheBehavior [ RunTime:0.000000s ]
INFO: [ app_begin ] --END-- [ RunTime:0.001001s ]
SQL: SHOW COLUMNS FROM `yu_auth_group_access` [ RunTime:0.0010s ]
SQL: SELECT `uid`,`group_id`,`title`,`rules` FROM yu_auth_group_access a INNER JOIN yu_auth_group g on a.group_id=g.id  WHERE ( a.uid='30' and g.status='1' )  [ RunTime:0.0010s ]
SQL: SHOW COLUMNS FROM `yu_auth_rule` [ RunTime:0.0010s ]
SQL: SELECT `condition`,`name` FROM `yu_auth_rule` WHERE `id` IN ('16','43','44','45','46','60','71','72','17','52','53','54','55','56','59','70','18','47','49','50','58','202','203','201','216','217','206','207','225','249','250','209','210','211','212','213','214','215','218','219','220','221','222','223','224','226','227','228','229','230','231','232','233','234','235','236','237','238','239','240','241','242','243','244','245','246','247','248','251','253','254','255','256','257','258','287','259','260','261','262','263','264','265','266','267','268','269','270','271','272','273','274','275','276','277','278','279','280','281','282','283','284','285','286','288','289','290','291','292','293','294') AND `type` = 1 AND `status` = 1  [ RunTime:0.0010s ]
SQL: SHOW COLUMNS FROM `yu_autoreply` [ RunTime:0.0000s ]
NOTIC: [8] Undefined index: validate D:\wamp64\www\1Test\yl_yifangyou\ThinkPHP\Library\Think\Model.class.php 第 1185 行.
NOTIC: [8] Undefined index: auto D:\wamp64\www\1Test\yl_yifangyou\ThinkPHP\Library\Think\Model.class.php 第 1128 行.
SQL: UPDATE `yu_autoreply` SET `content`='您好，欢迎咨询易房游会员客服中心，
<br>我们在收到您的留言后会在24小时内
予以回复。<br>
若有紧急情况请拨打易房游客服电话:<br>
    400-661-8888
' WHERE `id` = 2 [ RunTime:0.0370s ]

[ 2017-09-23T16:02:47+08:00 ] 127.0.0.1 /Admin/login/index.html
INFO: [ app_begin ] --START--
INFO: Run Behavior\ReadHtmlCacheBehavior [ RunTime:0.001000s ]
INFO: [ app_begin ] --END-- [ RunTime:0.002000s ]
SQL: SHOW COLUMNS FROM `yu_user` [ RunTime:0.0020s ]
SQL: SELECT * FROM `yu_user` WHERE ( userName='admin' and password='0ac91bfee1788fb7419cd90009feaa14' ) LIMIT 1   [ RunTime:0.0010s ]

[ 2017-09-23T16:05:39+08:00 ] 127.0.0.1 /Admin/login/index.html
INFO: [ app_begin ] --START--
INFO: Run Behavior\ReadHtmlCacheBehavior [ RunTime:0.001000s ]
INFO: [ app_begin ] --END-- [ RunTime:0.001000s ]
SQL: SHOW COLUMNS FROM `yu_user` [ RunTime:0.0020s ]
SQL: SELECT * FROM `yu_user` WHERE ( userName='admin' and password='0ac91bfee1788fb7419cd90009feaa14' ) LIMIT 1   [ RunTime:0.0010s ]

[ 2017-09-23T16:34:28+08:00 ] 127.0.0.1 /Admin/login/index.html
INFO: [ app_begin ] --START--
INFO: Run Behavior\ReadHtmlCacheBehavior [ RunTime:0.001000s ]
INFO: [ app_begin ] --END-- [ RunTime:0.001000s ]
SQL: SHOW COLUMNS FROM `yu_user` [ RunTime:0.0010s ]
SQL: SELECT * FROM `yu_user` WHERE ( userName='admin' and password='0ac91bfee1788fb7419cd90009feaa14' ) LIMIT 1   [ RunTime:0.0010s ]

[ 2017-09-23T16:34:32+08:00 ] 127.0.0.1 /Admin/login/index.html
INFO: [ app_begin ] --START--
INFO: Run Behavior\ReadHtmlCacheBehavior [ RunTime:0.001000s ]
INFO: [ app_begin ] --END-- [ RunTime:0.001000s ]
SQL: SHOW COLUMNS FROM `yu_user` [ RunTime:0.0020s ]
SQL: SELECT * FROM `yu_user` WHERE ( userName='admin' and password='0ac91bfee1788fb7419cd90009feaa14' ) LIMIT 1   [ RunTime:0.0010s ]

[ 2017-09-23T16:34:35+08:00 ] 127.0.0.1 /Admin/login/index.html
INFO: [ app_begin ] --START--
INFO: Run Behavior\ReadHtmlCacheBehavior [ RunTime:0.001000s ]
INFO: [ app_begin ] --END-- [ RunTime:0.001000s ]
SQL: SHOW COLUMNS FROM `yu_user` [ RunTime:0.0020s ]
SQL: SELECT * FROM `yu_user` WHERE ( userName='admin' and password='0ac91bfee1788fb7419cd90009feaa14' ) LIMIT 1   [ RunTime:0.0010s ]

[ 2017-09-23T16:34:36+08:00 ] 127.0.0.1 /Admin/login/index.html
INFO: [ app_begin ] --START--
INFO: Run Behavior\ReadHtmlCacheBehavior [ RunTime:0.001000s ]
INFO: [ app_begin ] --END-- [ RunTime:0.002000s ]
SQL: SHOW COLUMNS FROM `yu_user` [ RunTime:0.0020s ]
SQL: SELECT * FROM `yu_user` WHERE ( userName='admin' and password='0ac91bfee1788fb7419cd90009feaa14' ) LIMIT 1   [ RunTime:0.0000s ]

[ 2017-09-23T16:34:36+08:00 ] 127.0.0.1 /Admin/login/index.html
INFO: [ app_begin ] --START--
INFO: Run Behavior\ReadHtmlCacheBehavior [ RunTime:0.001000s ]
INFO: [ app_begin ] --END-- [ RunTime:0.002000s ]
SQL: SHOW COLUMNS FROM `yu_user` [ RunTime:0.0020s ]
SQL: SELECT * FROM `yu_user` WHERE ( userName='admin' and password='0ac91bfee1788fb7419cd90009feaa14' ) LIMIT 1   [ RunTime:0.0010s ]

[ 2017-09-23T16:34:36+08:00 ] 127.0.0.1 /Admin/login/index.html
INFO: [ app_begin ] --START--
INFO: Run Behavior\ReadHtmlCacheBehavior [ RunTime:0.001000s ]
INFO: [ app_begin ] --END-- [ RunTime:0.002000s ]
SQL: SHOW COLUMNS FROM `yu_user` [ RunTime:0.0010s ]
SQL: SELECT * FROM `yu_user` WHERE ( userName='admin' and password='0ac91bfee1788fb7419cd90009feaa14' ) LIMIT 1   [ RunTime:0.0010s ]

[ 2017-09-23T16:34:36+08:00 ] 127.0.0.1 /Admin/login/index.html
INFO: [ app_begin ] --START--
INFO: Run Behavior\ReadHtmlCacheBehavior [ RunTime:0.001001s ]
INFO: [ app_begin ] --END-- [ RunTime:0.002001s ]
SQL: SHOW COLUMNS FROM `yu_user` [ RunTime:0.0020s ]
SQL: SELECT * FROM `yu_user` WHERE ( userName='admin' and password='0ac91bfee1788fb7419cd90009feaa14' ) LIMIT 1   [ RunTime:0.0010s ]

[ 2017-09-23T16:34:36+08:00 ] 127.0.0.1 /Admin/login/index.html
INFO: [ app_begin ] --START--
INFO: Run Behavior\ReadHtmlCacheBehavior [ RunTime:0.001000s ]
INFO: [ app_begin ] --END-- [ RunTime:0.001000s ]
SQL: SHOW COLUMNS FROM `yu_user` [ RunTime:0.0020s ]
SQL: SELECT * FROM `yu_user` WHERE ( userName='admin' and password='0ac91bfee1788fb7419cd90009feaa14' ) LIMIT 1   [ RunTime:0.0000s ]

[ 2017-09-23T16:38:39+08:00 ] 127.0.0.1 /Admin/login/index.html
INFO: [ app_begin ] --START--
INFO: Run Behavior\ReadHtmlCacheBehavior [ RunTime:0.001000s ]
INFO: [ app_begin ] --END-- [ RunTime:0.002000s ]
SQL: SHOW COLUMNS FROM `yu_user` [ RunTime:0.0020s ]
SQL: SELECT * FROM `yu_user` WHERE ( userName='admin' and password='1d3b18368b8dd599cab8d0b0ef2c2f1e' ) LIMIT 1   [ RunTime:0.0000s ]

