[ 2017-09-15T17:02:30+08:00 ] 127.0.0.1 /Admin/login/index.html
INFO: [ app_begin ] --START--
INFO: Run Behavior\ReadHtmlCacheBehavior [ RunTime:0.001000s ]
INFO: [ app_begin ] --END-- [ RunTime:0.002000s ]
SQL: SHOW COLUMNS FROM `yu_user` [ RunTime:0.0020s ]
SQL: SELECT * FROM `yu_user` WHERE ( userName='admin' and password='0ac91bfee1788fb7419cd90009feaa14' ) LIMIT 1   [ RunTime:0.0010s ]

[ 2017-09-15T17:17:53+08:00 ] 127.0.0.1 /Admin/login/index.html
INFO: [ app_begin ] --START--
INFO: Run Behavior\ReadHtmlCacheBehavior [ RunTime:0.000000s ]
INFO: [ app_begin ] --END-- [ RunTime:0.001000s ]
SQL: SHOW COLUMNS FROM `yu_user` [ RunTime:0.0020s ]
SQL: SELECT * FROM `yu_user` WHERE ( userName='admin' and password='0ac91bfee1788fb7419cd90009feaa14' ) LIMIT 1   [ RunTime:0.0010s ]

[ 2017-09-15T17:18:44+08:00 ] 127.0.0.1 /Admin/login/index.html
INFO: [ app_begin ] --START--
INFO: Run Behavior\ReadHtmlCacheBehavior [ RunTime:0.000000s ]
INFO: [ app_begin ] --END-- [ RunTime:0.001000s ]
SQL: SHOW COLUMNS FROM `yu_user` [ RunTime:0.0020s ]
SQL: SELECT * FROM `yu_user` WHERE ( userName='admin' and password='0ac91bfee1788fb7419cd90009feaa14' ) LIMIT 1   [ RunTime:0.0010s ]

[ 2017-09-15T18:19:03+08:00 ] 127.0.0.1 /admin/common/getcity.html
INFO: [ app_begin ] --START--
INFO: Run Behavior\ReadHtmlCacheBehavior [ RunTime:0.001000s ]
INFO: [ app_begin ] --END-- [ RunTime:0.002000s ]
SQL: SHOW COLUMNS FROM `yu_auth_group_access` [ RunTime:0.0010s ]
SQL: SELECT `uid`,`group_id`,`title`,`rules` FROM yu_auth_group_access a INNER JOIN yu_auth_group g on a.group_id=g.id  WHERE ( a.uid='30' and g.status='1' )  [ RunTime:0.0010s ]
SQL: SHOW COLUMNS FROM `yu_auth_rule` [ RunTime:0.0010s ]
SQL: SELECT `condition`,`name` FROM `yu_auth_rule` WHERE `id` IN ('16','43','44','45','46','60','71','72','17','52','53','54','55','56','59','70','18','47','49','50','58','202','203','201','216','217','206','207','225','249','250','209','210','211','212','213','214','215','218','219','220','221','222','223','224','226','227','228','229','230','231','232','233','234','235','236','237','238','239','240','241','242','243','244','245','246','247','248','251','253','254','255','256','257','258','259','260','261','262','263','264','265','266','267','268','269','270','271','272') AND `type` = 1 AND `status` = 1  [ RunTime:0.0010s ]
SQL: SHOW COLUMNS FROM `yu_district` [ RunTime:0.0010s ]
SQL: SELECT * FROM `yu_district` WHERE ( upid=110000 )  [ RunTime:0.0010s ]

[ 2017-09-15T18:19:32+08:00 ] 127.0.0.1 /admin/shopproduct/save.html
INFO: [ app_begin ] --START--
INFO: Run Behavior\ReadHtmlCacheBehavior [ RunTime:0.001000s ]
INFO: [ app_begin ] --END-- [ RunTime:0.002001s ]
SQL: SHOW COLUMNS FROM `yu_auth_group_access` [ RunTime:0.0010s ]
SQL: SELECT `uid`,`group_id`,`title`,`rules` FROM yu_auth_group_access a INNER JOIN yu_auth_group g on a.group_id=g.id  WHERE ( a.uid='30' and g.status='1' )  [ RunTime:0.0000s ]
SQL: SHOW COLUMNS FROM `yu_auth_rule` [ RunTime:0.0010s ]
SQL: SELECT `condition`,`name` FROM `yu_auth_rule` WHERE `id` IN ('16','43','44','45','46','60','71','72','17','52','53','54','55','56','59','70','18','47','49','50','58','202','203','201','216','217','206','207','225','249','250','209','210','211','212','213','214','215','218','219','220','221','222','223','224','226','227','228','229','230','231','232','233','234','235','236','237','238','239','240','241','242','243','244','245','246','247','248','251','253','254','255','256','257','258','259','260','261','262','263','264','265','266','267','268','269','270','271','272') AND `type` = 1 AND `status` = 1  [ RunTime:0.0010s ]
SQL: SHOW COLUMNS FROM `yu_s_product` [ RunTime:0.0010s ]
NOTIC: [8] Undefined index: validate D:\wamp64\www\1Test\yl_yifangyou\ThinkPHP\Library\Think\Model.class.php 第 1185 行.

[ 2017-09-15T18:19:37+08:00 ] 127.0.0.1 /admin/common/getarea.html
INFO: [ app_begin ] --START--
INFO: Run Behavior\ReadHtmlCacheBehavior [ RunTime:0.001000s ]
INFO: [ app_begin ] --END-- [ RunTime:0.002000s ]
SQL: SHOW COLUMNS FROM `yu_auth_group_access` [ RunTime:0.0010s ]
SQL: SELECT `uid`,`group_id`,`title`,`rules` FROM yu_auth_group_access a INNER JOIN yu_auth_group g on a.group_id=g.id  WHERE ( a.uid='30' and g.status='1' )  [ RunTime:0.0000s ]
SQL: SHOW COLUMNS FROM `yu_auth_rule` [ RunTime:0.0010s ]
SQL: SELECT `condition`,`name` FROM `yu_auth_rule` WHERE `id` IN ('16','43','44','45','46','60','71','72','17','52','53','54','55','56','59','70','18','47','49','50','58','202','203','201','216','217','206','207','225','249','250','209','210','211','212','213','214','215','218','219','220','221','222','223','224','226','227','228','229','230','231','232','233','234','235','236','237','238','239','240','241','242','243','244','245','246','247','248','251','253','254','255','256','257','258','259','260','261','262','263','264','265','266','267','268','269','270','271','272') AND `type` = 1 AND `status` = 1  [ RunTime:0.0010s ]
SQL: SHOW COLUMNS FROM `yu_district` [ RunTime:0.0010s ]
SQL: SELECT * FROM `yu_district` WHERE ( upid=110100 )  [ RunTime:0.0020s ]

[ 2017-09-15T18:19:41+08:00 ] 127.0.0.1 /admin/shopproduct/save.html
INFO: [ app_begin ] --START--
INFO: Run Behavior\ReadHtmlCacheBehavior [ RunTime:0.000000s ]
INFO: [ app_begin ] --END-- [ RunTime:0.002000s ]
SQL: SHOW COLUMNS FROM `yu_auth_group_access` [ RunTime:0.0010s ]
SQL: SELECT `uid`,`group_id`,`title`,`rules` FROM yu_auth_group_access a INNER JOIN yu_auth_group g on a.group_id=g.id  WHERE ( a.uid='30' and g.status='1' )  [ RunTime:0.0010s ]
SQL: SHOW COLUMNS FROM `yu_auth_rule` [ RunTime:0.0010s ]
SQL: SELECT `condition`,`name` FROM `yu_auth_rule` WHERE `id` IN ('16','43','44','45','46','60','71','72','17','52','53','54','55','56','59','70','18','47','49','50','58','202','203','201','216','217','206','207','225','249','250','209','210','211','212','213','214','215','218','219','220','221','222','223','224','226','227','228','229','230','231','232','233','234','235','236','237','238','239','240','241','242','243','244','245','246','247','248','251','253','254','255','256','257','258','259','260','261','262','263','264','265','266','267','268','269','270','271','272') AND `type` = 1 AND `status` = 1  [ RunTime:0.0010s ]
SQL: SHOW COLUMNS FROM `yu_s_product` [ RunTime:0.0020s ]
NOTIC: [8] Undefined index: validate D:\wamp64\www\1Test\yl_yifangyou\ThinkPHP\Library\Think\Model.class.php 第 1185 行.
NOTIC: [8] Undefined index: auto D:\wamp64\www\1Test\yl_yifangyou\ThinkPHP\Library\Think\Model.class.php 第 1128 行.
SQL: INSERT INTO `yu_s_product` (`name`,`typeid`,`price`,`max_num`,`order_num`,`province_id`,`city_id`,`area_id`,`address`,`updated_at`,`description`,`content`,`images`,`litpic`,`created_at`) VALUES ('威海乳山4A级旅游度 假区 闻涛美域小区3','6','300','5','0','110000','110100','0','','2017-09-15 18:19:41','化娱乐”为一体的综合性大型休闲旅游胜地。先后被评为：“国际知名旅游景区”、“国家水利风景区”“国家海洋公园”“中国十佳休闲胜地”、“国际旅游生态示范基地”','<p><span style=\"color: rgb(34, 34, 34); font-family: Consolas, &quot;Lucida Console&quot;, &quot;Courier New&quot;, monospace; font-size: 12px; white-space: pre-wrap; background-color: rgb(255, 255, 255);\">化娱乐”为一体的综合性大型休闲旅游胜地。先后被评为：“国际知名旅游景区”、“国家水利风景区”“国家海洋公园”“中国十佳休闲胜地”、“国际旅游生态示范基地”</span><span style=\"color: rgb(34, 34, 34); font-family: Consolas, &quot;Lucida Console&quot;, &quot;Courier New&quot;, monospace; font-size: 12px; white-space: pre-wrap; background-color: rgb(255, 255, 255);\">化娱乐”为一体的综合性大型休闲旅游胜地。先后被评为：“国际知名旅游景区”、“国家水利风景区”“国家海洋公园”“中国十佳休闲胜地”、“国际旅游生态示范基地”</span><span style=\"color: rgb(34, 34, 34); font-family: Consolas, &quot;Lucida Console&quot;, &quot;Courier New&quot;, monospace; font-size: 12px; white-space: pre-wrap; background-color: rgb(255, 255, 255);\">化娱乐”为一体的综合性大型休闲旅游胜地。先后被评为：“国际知名旅游景区”、“国家水利风景区”“国家海洋公园”“中国十佳休闲胜地”、“国际旅游生态示范基地”</span><span style=\"color: rgb(34, 34, 34); font-family: Consolas, &quot;Lucida Console&quot;, &quot;Courier New&quot;, monospace; font-size: 12px; white-space: pre-wrap; background-color: rgb(255, 255, 255);\">化娱乐”为一体的综合性大型休闲旅游胜地。先后被评为：“国际知名旅游景区”、“国家水利风景区”“国家海洋公园”“中国十佳休闲胜地”、“国际旅游生态示范基地”</span><span style=\"color: rgb(34, 34, 34); font-family: Consolas, &quot;Lucida Console&quot;, &quot;Courier New&quot;, monospace; font-size: 12px; white-space: pre-wrap; background-color: rgb(255, 255, 255);\">化娱乐”为一体的综合性大型休闲旅游胜地。先后被评为：“国际知名旅游景区”、“国家水利风景区”“国家海洋公园”“中国十佳休闲胜地”、“国际旅游生态示范基地”</span></p>','/Uploads/images/2017-09-15/59bba9114f5e8.jpg','/Uploads/images/2017-09-15/59bba9114f5e8.jpg','2017-09-15 18:19:41') [ RunTime:0.0400s ]

[ 2017-09-15T18:20:12+08:00 ] 127.0.0.1 /admin/common/getcity.html
INFO: [ app_begin ] --START--
INFO: Run Behavior\ReadHtmlCacheBehavior [ RunTime:0.001000s ]
INFO: [ app_begin ] --END-- [ RunTime:0.003000s ]
SQL: SHOW COLUMNS FROM `yu_auth_group_access` [ RunTime:0.0010s ]
SQL: SELECT `uid`,`group_id`,`title`,`rules` FROM yu_auth_group_access a INNER JOIN yu_auth_group g on a.group_id=g.id  WHERE ( a.uid='30' and g.status='1' )  [ RunTime:0.0000s ]
SQL: SHOW COLUMNS FROM `yu_auth_rule` [ RunTime:0.0010s ]
SQL: SELECT `condition`,`name` FROM `yu_auth_rule` WHERE `id` IN ('16','43','44','45','46','60','71','72','17','52','53','54','55','56','59','70','18','47','49','50','58','202','203','201','216','217','206','207','225','249','250','209','210','211','212','213','214','215','218','219','220','221','222','223','224','226','227','228','229','230','231','232','233','234','235','236','237','238','239','240','241','242','243','244','245','246','247','248','251','253','254','255','256','257','258','259','260','261','262','263','264','265','266','267','268','269','270','271','272') AND `type` = 1 AND `status` = 1  [ RunTime:0.0010s ]
SQL: SHOW COLUMNS FROM `yu_district` [ RunTime:0.0000s ]
SQL: SELECT * FROM `yu_district` WHERE ( upid=310000 )  [ RunTime:0.0000s ]

[ 2017-09-15T18:20:13+08:00 ] 127.0.0.1 /admin/common/getarea.html
INFO: [ app_begin ] --START--
INFO: Run Behavior\ReadHtmlCacheBehavior [ RunTime:0.001001s ]
INFO: [ app_begin ] --END-- [ RunTime:0.002001s ]
SQL: SHOW COLUMNS FROM `yu_auth_group_access` [ RunTime:0.0010s ]
SQL: SELECT `uid`,`group_id`,`title`,`rules` FROM yu_auth_group_access a INNER JOIN yu_auth_group g on a.group_id=g.id  WHERE ( a.uid='30' and g.status='1' )  [ RunTime:0.0010s ]
SQL: SHOW COLUMNS FROM `yu_auth_rule` [ RunTime:0.0010s ]
SQL: SELECT `condition`,`name` FROM `yu_auth_rule` WHERE `id` IN ('16','43','44','45','46','60','71','72','17','52','53','54','55','56','59','70','18','47','49','50','58','202','203','201','216','217','206','207','225','249','250','209','210','211','212','213','214','215','218','219','220','221','222','223','224','226','227','228','229','230','231','232','233','234','235','236','237','238','239','240','241','242','243','244','245','246','247','248','251','253','254','255','256','257','258','259','260','261','262','263','264','265','266','267','268','269','270','271','272') AND `type` = 1 AND `status` = 1  [ RunTime:0.0010s ]
SQL: SHOW COLUMNS FROM `yu_district` [ RunTime:0.0010s ]
SQL: SELECT * FROM `yu_district` WHERE ( upid=310100 )  [ RunTime:0.0020s ]

[ 2017-09-15T18:20:21+08:00 ] 127.0.0.1 /admin/shopproduct/save.html
INFO: [ app_begin ] --START--
INFO: Run Behavior\ReadHtmlCacheBehavior [ RunTime:0.001000s ]
INFO: [ app_begin ] --END-- [ RunTime:0.002000s ]
SQL: SHOW COLUMNS FROM `yu_auth_group_access` [ RunTime:0.0010s ]
SQL: SELECT `uid`,`group_id`,`title`,`rules` FROM yu_auth_group_access a INNER JOIN yu_auth_group g on a.group_id=g.id  WHERE ( a.uid='30' and g.status='1' )  [ RunTime:0.0010s ]
SQL: SHOW COLUMNS FROM `yu_auth_rule` [ RunTime:0.0010s ]
SQL: SELECT `condition`,`name` FROM `yu_auth_rule` WHERE `id` IN ('16','43','44','45','46','60','71','72','17','52','53','54','55','56','59','70','18','47','49','50','58','202','203','201','216','217','206','207','225','249','250','209','210','211','212','213','214','215','218','219','220','221','222','223','224','226','227','228','229','230','231','232','233','234','235','236','237','238','239','240','241','242','243','244','245','246','247','248','251','253','254','255','256','257','258','259','260','261','262','263','264','265','266','267','268','269','270','271','272') AND `type` = 1 AND `status` = 1  [ RunTime:0.0010s ]
SQL: SHOW COLUMNS FROM `yu_s_product` [ RunTime:0.0010s ]
NOTIC: [8] Undefined index: validate D:\wamp64\www\1Test\yl_yifangyou\ThinkPHP\Library\Think\Model.class.php 第 1185 行.
NOTIC: [8] Undefined index: auto D:\wamp64\www\1Test\yl_yifangyou\ThinkPHP\Library\Think\Model.class.php 第 1128 行.
SQL: INSERT INTO `yu_s_product` (`name`,`typeid`,`price`,`max_num`,`order_num`,`province_id`,`city_id`,`area_id`,`address`,`updated_at`,`description`,`content`,`images`,`litpic`,`created_at`) VALUES ('威海乳山4A级旅游度 假区 闻涛美域小区5','6','600','2','0','310000','310100','310118','','2017-09-15 18:20:21','化娱乐”为一体的综合性大型休闲旅游胜地。先后被评为：“国际知名旅游景区”、“国家水利风景区”“国家海洋公园”“中国十佳休闲胜地”、“国际旅游生态示范基地”','<p><span style=\"color: rgb(34, 34, 34); font-family: Consolas, &quot;Lucida Console&quot;, &quot;Courier New&quot;, monospace; font-size: 12px; white-space: pre-wrap; background-color: rgb(255, 255, 255);\">化娱乐”为一体的综合性大型休闲旅游胜地。先后被评为：“国际知名旅游景区”、“国家水利风景区”“国家海洋公园”“中国十佳休闲胜地”、“国际旅游生态示范基地”</span><span style=\"color: rgb(34, 34, 34); font-family: Consolas, &quot;Lucida Console&quot;, &quot;Courier New&quot;, monospace; font-size: 12px; white-space: pre-wrap; background-color: rgb(255, 255, 255);\">化娱乐”为一体的综合性大型休闲旅游胜地。先后被评为：“国际知名旅游景区”、“国家水利风景区”“国家海洋公园”“中国十佳休闲胜地”、“国际旅游生态示范基地”</span><span style=\"color: rgb(34, 34, 34); font-family: Consolas, &quot;Lucida Console&quot;, &quot;Courier New&quot;, monospace; font-size: 12px; white-space: pre-wrap; background-color: rgb(255, 255, 255);\">化娱乐”为一体的综合性大型休闲旅游胜地。先后被评为：“国际知名旅游景区”、“国家水利风景区”“国家海洋公园”“中国十佳休闲胜地”、“国际旅游生态示范基地”</span><span style=\"color: rgb(34, 34, 34); font-family: Consolas, &quot;Lucida Console&quot;, &quot;Courier New&quot;, monospace; font-size: 12px; white-space: pre-wrap; background-color: rgb(255, 255, 255);\">化娱乐”为一体的综合性大型休闲旅游胜地。先后被评为：“国际知名旅游景区”、“国家水利风景区”“国家海洋公园”“中国十佳休闲胜地”、“国际旅游生态示范基地”</span></p>','/Uploads/images/2017-09-15/59bba95954867.jpg','/Uploads/images/2017-09-15/59bba95954867.jpg','2017-09-15 18:20:21') [ RunTime:0.0510s ]

[ 2017-09-15T18:20:49+08:00 ] 127.0.0.1 /admin/shopproduct/usave.html
INFO: [ app_begin ] --START--
INFO: Run Behavior\ReadHtmlCacheBehavior [ RunTime:0.001001s ]
INFO: [ app_begin ] --END-- [ RunTime:0.002001s ]
SQL: SHOW COLUMNS FROM `yu_auth_group_access` [ RunTime:0.0010s ]
SQL: SELECT `uid`,`group_id`,`title`,`rules` FROM yu_auth_group_access a INNER JOIN yu_auth_group g on a.group_id=g.id  WHERE ( a.uid='30' and g.status='1' )  [ RunTime:0.0010s ]
SQL: SHOW COLUMNS FROM `yu_auth_rule` [ RunTime:0.0010s ]
SQL: SELECT `condition`,`name` FROM `yu_auth_rule` WHERE `id` IN ('16','43','44','45','46','60','71','72','17','52','53','54','55','56','59','70','18','47','49','50','58','202','203','201','216','217','206','207','225','249','250','209','210','211','212','213','214','215','218','219','220','221','222','223','224','226','227','228','229','230','231','232','233','234','235','236','237','238','239','240','241','242','243','244','245','246','247','248','251','253','254','255','256','257','258','259','260','261','262','263','264','265','266','267','268','269','270','271','272') AND `type` = 1 AND `status` = 1  [ RunTime:0.0010s ]
SQL: SHOW COLUMNS FROM `yu_s_product` [ RunTime:0.0010s ]
NOTIC: [8] Undefined index: validate D:\wamp64\www\1Test\yl_yifangyou\ThinkPHP\Library\Think\Model.class.php 第 1185 行.
NOTIC: [8] Undefined index: auto D:\wamp64\www\1Test\yl_yifangyou\ThinkPHP\Library\Think\Model.class.php 第 1128 行.
SQL: UPDATE `yu_s_product` SET `name`='威海乳山4A级旅游度',`typeid`='6',`is_recommend`='0',`price`='300.00',`max_num`='5',`order_num`='0',`province_id`='110000',`city_id`='110100',`area_id`='0',`address`='',`updated_at`='2017-09-15 18:19:41',`description`='化娱乐”为一体的综合性大型休闲旅游胜地。先后被评为：“国际知名旅游景区”、“国家水利风景区”“国家海洋公园”“中国十佳休闲胜地”、“国际旅游生态示范基地”',`content`='<p><span style=\"color: rgb(34, 34, 34); font-family: Consolas, &quot;Lucida Console&quot;, &quot;Courier New&quot;, monospace; font-size: 12px; white-space: pre-wrap; background-color: rgb(255, 255, 255);\">化娱乐”为一体的综合性大型休闲旅游胜地。先后被评为：“国际知名旅游景区”、“国家水利风景区”“国家海洋公园”“中国十佳休闲胜地”、“国际旅游生态示范基地”</span><span style=\"color: rgb(34, 34, 34); font-family: Consolas, &quot;Lucida Console&quot;, &quot;Courier New&quot;, monospace; font-size: 12px; white-space: pre-wrap; background-color: rgb(255, 255, 255);\">化娱乐”为一体的综合性大型休闲旅游胜地。先后被评为：“国际知名旅游景区”、“国家水利风景区”“国家海洋公园”“中国十佳休闲胜地”、“国际旅游生态示范基地”</span><span style=\"color: rgb(34, 34, 34); font-family: Consolas, &quot;Lucida Console&quot;, &quot;Courier New&quot;, monospace; font-size: 12px; white-space: pre-wrap; background-color: rgb(255, 255, 255);\">化娱乐”为一体的综合性大型休闲旅游胜地。先后被评为：“国际知名旅游景区”、“国家水利风景区”“国家海洋公园”“中国十佳休闲胜地”、“国际旅游生态示范基地”</span><span style=\"color: rgb(34, 34, 34); font-family: Consolas, &quot;Lucida Console&quot;, &quot;Courier New&quot;, monospace; font-size: 12px; white-space: pre-wrap; background-color: rgb(255, 255, 255);\">化娱乐”为一体的综合性大型休闲旅游胜地。先后被评为：“国际知名旅游景区”、“国家水利风景区”“国家海洋公园”“中国十佳休闲胜地”、“国际旅游生态示范基地”</span><span style=\"color: rgb(34, 34, 34); font-family: Consolas, &quot;Lucida Console&quot;, &quot;Courier New&quot;, monospace; font-size: 12px; white-space: pre-wrap; background-color: rgb(255, 255, 255);\">化娱乐”为一体的综合性大型休闲旅游胜地。先后被评为：“国际知名旅游景区”、“国家水利风景区”“国家海洋公园”“中国十佳休闲胜地”、“国际旅游生态示范基地”</span></p>',`images`='/Uploads/images/2017-09-15/59bba9114f5e8.jpg',`litpic`='/Uploads/images/2017-09-15/59bba9114f5e8.jpg' WHERE `id` = 11 [ RunTime:0.0360s ]

[ 2017-09-15T18:21:01+08:00 ] 127.0.0.1 /admin/shopproduct/usave.html
INFO: [ app_begin ] --START--
INFO: Run Behavior\ReadHtmlCacheBehavior [ RunTime:0.001000s ]
INFO: [ app_begin ] --END-- [ RunTime:0.002000s ]
SQL: SHOW COLUMNS FROM `yu_auth_group_access` [ RunTime:0.0010s ]
SQL: SELECT `uid`,`group_id`,`title`,`rules` FROM yu_auth_group_access a INNER JOIN yu_auth_group g on a.group_id=g.id  WHERE ( a.uid='30' and g.status='1' )  [ RunTime:0.0000s ]
SQL: SHOW COLUMNS FROM `yu_auth_rule` [ RunTime:0.0010s ]
SQL: SELECT `condition`,`name` FROM `yu_auth_rule` WHERE `id` IN ('16','43','44','45','46','60','71','72','17','52','53','54','55','56','59','70','18','47','49','50','58','202','203','201','216','217','206','207','225','249','250','209','210','211','212','213','214','215','218','219','220','221','222','223','224','226','227','228','229','230','231','232','233','234','235','236','237','238','239','240','241','242','243','244','245','246','247','248','251','253','254','255','256','257','258','259','260','261','262','263','264','265','266','267','268','269','270','271','272') AND `type` = 1 AND `status` = 1  [ RunTime:0.0020s ]
SQL: SHOW COLUMNS FROM `yu_s_product` [ RunTime:0.0010s ]
NOTIC: [8] Undefined index: validate D:\wamp64\www\1Test\yl_yifangyou\ThinkPHP\Library\Think\Model.class.php 第 1185 行.
NOTIC: [8] Undefined index: auto D:\wamp64\www\1Test\yl_yifangyou\ThinkPHP\Library\Think\Model.class.php 第 1128 行.
SQL: UPDATE `yu_s_product` SET `name`='威海乳山',`typeid`='6',`is_recommend`='0',`price`='300.00',`max_num`='5',`order_num`='0',`province_id`='110000',`city_id`='110100',`area_id`='0',`address`='',`updated_at`='2017-09-15 18:19:41',`description`='化娱乐”为一体的综合性大型休闲旅游胜地。先后被评为：“国际知名旅游景区”、“国家水利风景区”“国家海洋公园”“中国十佳休闲胜地”、“国际旅游生态示范基地”',`content`='<p><span style=\"color: rgb(34, 34, 34); font-family: Consolas, &quot;Lucida Console&quot;, &quot;Courier New&quot;, monospace; font-size: 12px; white-space: pre-wrap; background-color: rgb(255, 255, 255);\">化娱乐”为一体的综合性大型休闲旅游胜地。先后被评为：“国际知名旅游景区”、“国家水利风景区”“国家海洋公园”“中国十佳休闲胜地”、“国际旅游生态示范基地”</span><span style=\"color: rgb(34, 34, 34); font-family: Consolas, &quot;Lucida Console&quot;, &quot;Courier New&quot;, monospace; font-size: 12px; white-space: pre-wrap; background-color: rgb(255, 255, 255);\">化娱乐”为一体的综合性大型休闲旅游胜地。先后被评为：“国际知名旅游景区”、“国家水利风景区”“国家海洋公园”“中国十佳休闲胜地”、“国际旅游生态示范基地”</span><span style=\"color: rgb(34, 34, 34); font-family: Consolas, &quot;Lucida Console&quot;, &quot;Courier New&quot;, monospace; font-size: 12px; white-space: pre-wrap; background-color: rgb(255, 255, 255);\">化娱乐”为一体的综合性大型休闲旅游胜地。先后被评为：“国际知名旅游景区”、“国家水利风景区”“国家海洋公园”“中国十佳休闲胜地”、“国际旅游生态示范基地”</span><span style=\"color: rgb(34, 34, 34); font-family: Consolas, &quot;Lucida Console&quot;, &quot;Courier New&quot;, monospace; font-size: 12px; white-space: pre-wrap; background-color: rgb(255, 255, 255);\">化娱乐”为一体的综合性大型休闲旅游胜地。先后被评为：“国际知名旅游景区”、“国家水利风景区”“国家海洋公园”“中国十佳休闲胜地”、“国际旅游生态示范基地”</span><span style=\"color: rgb(34, 34, 34); font-family: Consolas, &quot;Lucida Console&quot;, &quot;Courier New&quot;, monospace; font-size: 12px; white-space: pre-wrap; background-color: rgb(255, 255, 255);\">化娱乐”为一体的综合性大型休闲旅游胜地。先后被评为：“国际知名旅游景区”、“国家水利风景区”“国家海洋公园”“中国十佳休闲胜地”、“国际旅游生态示范基地”</span></p>',`images`='/Uploads/images/2017-09-15/59bba9114f5e8.jpg',`litpic`='/Uploads/images/2017-09-15/59bba9114f5e8.jpg' WHERE `id` = 11 [ RunTime:0.0360s ]

[ 2017-09-15T18:24:20+08:00 ] 127.0.0.1 /admin/shopproduct/usave.html
INFO: [ app_begin ] --START--
INFO: Run Behavior\ReadHtmlCacheBehavior [ RunTime:0.001000s ]
INFO: [ app_begin ] --END-- [ RunTime:0.002000s ]
SQL: SHOW COLUMNS FROM `yu_auth_group_access` [ RunTime:0.0010s ]
SQL: SELECT `uid`,`group_id`,`title`,`rules` FROM yu_auth_group_access a INNER JOIN yu_auth_group g on a.group_id=g.id  WHERE ( a.uid='30' and g.status='1' )  [ RunTime:0.0010s ]
SQL: SHOW COLUMNS FROM `yu_auth_rule` [ RunTime:0.0010s ]
SQL: SELECT `condition`,`name` FROM `yu_auth_rule` WHERE `id` IN ('16','43','44','45','46','60','71','72','17','52','53','54','55','56','59','70','18','47','49','50','58','202','203','201','216','217','206','207','225','249','250','209','210','211','212','213','214','215','218','219','220','221','222','223','224','226','227','228','229','230','231','232','233','234','235','236','237','238','239','240','241','242','243','244','245','246','247','248','251','253','254','255','256','257','258','259','260','261','262','263','264','265','266','267','268','269','270','271','272') AND `type` = 1 AND `status` = 1  [ RunTime:0.0010s ]
SQL: SHOW COLUMNS FROM `yu_s_product` [ RunTime:0.0020s ]
NOTIC: [8] Undefined index: validate D:\wamp64\www\1Test\yl_yifangyou\ThinkPHP\Library\Think\Model.class.php 第 1185 行.
NOTIC: [8] Undefined index: auto D:\wamp64\www\1Test\yl_yifangyou\ThinkPHP\Library\Think\Model.class.php 第 1128 行.
SQL: UPDATE `yu_s_product` SET `name`='威海乳山',`typeid`='6',`is_recommend`='1',`price`='300.00',`max_num`='5',`order_num`='0',`province_id`='110000',`city_id`='110100',`area_id`='0',`address`='',`updated_at`='2017-09-15 18:19:41',`description`='化娱乐”为一体的综合性大型休闲旅游胜地。先后被评为：“国际知名旅游景区”、“国家水利风景区”“国家海洋公园”“中国十佳休闲胜地”、“国际旅游生态示范基地”',`content`='<p><span style=\"color: rgb(34, 34, 34); font-family: Consolas, &quot;Lucida Console&quot;, &quot;Courier New&quot;, monospace; font-size: 12px; white-space: pre-wrap; background-color: rgb(255, 255, 255);\">化娱乐”为一体的综合性大型休闲旅游胜地。先后被评为：“国际知名旅游景区”、“国家水利风景区”“国家海洋公园”“中国十佳休闲胜地”、“国际旅游生态示范基地”</span><span style=\"color: rgb(34, 34, 34); font-family: Consolas, &quot;Lucida Console&quot;, &quot;Courier New&quot;, monospace; font-size: 12px; white-space: pre-wrap; background-color: rgb(255, 255, 255);\">化娱乐”为一体的综合性大型休闲旅游胜地。先后被评为：“国际知名旅游景区”、“国家水利风景区”“国家海洋公园”“中国十佳休闲胜地”、“国际旅游生态示范基地”</span><span style=\"color: rgb(34, 34, 34); font-family: Consolas, &quot;Lucida Console&quot;, &quot;Courier New&quot;, monospace; font-size: 12px; white-space: pre-wrap; background-color: rgb(255, 255, 255);\">化娱乐”为一体的综合性大型休闲旅游胜地。先后被评为：“国际知名旅游景区”、“国家水利风景区”“国家海洋公园”“中国十佳休闲胜地”、“国际旅游生态示范基地”</span><span style=\"color: rgb(34, 34, 34); font-family: Consolas, &quot;Lucida Console&quot;, &quot;Courier New&quot;, monospace; font-size: 12px; white-space: pre-wrap; background-color: rgb(255, 255, 255);\">化娱乐”为一体的综合性大型休闲旅游胜地。先后被评为：“国际知名旅游景区”、“国家水利风景区”“国家海洋公园”“中国十佳休闲胜地”、“国际旅游生态示范基地”</span><span style=\"color: rgb(34, 34, 34); font-family: Consolas, &quot;Lucida Console&quot;, &quot;Courier New&quot;, monospace; font-size: 12px; white-space: pre-wrap; background-color: rgb(255, 255, 255);\">化娱乐”为一体的综合性大型休闲旅游胜地。先后被评为：“国际知名旅游景区”、“国家水利风景区”“国家海洋公园”“中国十佳休闲胜地”、“国际旅游生态示范基地”</span></p>',`images`='/Uploads/images/2017-09-15/59bba9114f5e8.jpg',`litpic`='/Uploads/images/2017-09-15/59bba9114f5e8.jpg' WHERE `id` = 11 [ RunTime:0.0370s ]

