[ 2017-09-30T11:59:39+08:00 ] 127.0.0.1 /
INFO: [ app_begin ] --START--
INFO: Run Behavior\ReadHtmlCacheBehavior [ RunTime:0.001001s ]
INFO: [ app_begin ] --END-- [ RunTime:0.001001s ]
SQL: SHOW COLUMNS FROM `yu_ads` [ RunTime:0.0010s ]
SQL: SELECT * FROM `yu_ads` WHERE `position_sn` = 'banner_top' ORDER BY sortrank asc  [ RunTime:0.0000s ]
SQL: SHOW COLUMNS FROM `yu_s_type` [ RunTime:0.0000s ]
SQL: SELECT * FROM `yu_s_type` ORDER BY sortrank asc LIMIT 6   [ RunTime:0.0000s ]
SQL: SHOW COLUMNS FROM `yu_s_product` [ RunTime:0.0010s ]
SQL: SELECT `id`,`name`,`typeid`,`litpic` FROM `yu_s_product` WHERE `is_recommend` = 1  [ RunTime:0.0010s ]
INFO: [ view_parse ] --START--
INFO: [ template_filter ] --START--
INFO: Run Behavior\ContentReplaceBehavior [ RunTime:0.001000s ]
INFO: [ template_filter ] --END-- [ RunTime:0.001000s ]
SQL: SELECT `typename` FROM `yu_s_type` WHERE `id` = 1 LIMIT 1   [ RunTime:0.0000s ]
SQL: SELECT `typename` FROM `yu_s_type` WHERE `id` = 4 LIMIT 1   [ RunTime:0.0000s ]
SQL: SELECT `typename` FROM `yu_s_type` WHERE `id` = 1 LIMIT 1   [ RunTime:0.0000s ]
SQL: SELECT `typename` FROM `yu_s_type` WHERE `id` = 6 LIMIT 1   [ RunTime:0.0000s ]
SQL: SELECT `typename` FROM `yu_s_type` WHERE `id` = 7 LIMIT 1   [ RunTime:0.0000s ]
SQL: SELECT `typename` FROM `yu_s_type` WHERE `id` = 6 LIMIT 1   [ RunTime:0.0000s ]
SQL: SELECT `typename` FROM `yu_s_type` WHERE `id` = 6 LIMIT 1   [ RunTime:0.0010s ]
INFO: Run Behavior\ParseTemplateBehavior [ RunTime:0.022002s ]
INFO: [ view_parse ] --END-- [ RunTime:0.023002s ]
INFO: [ view_filter ] --START--
INFO: Run Behavior\WriteHtmlCacheBehavior [ RunTime:0.001000s ]
INFO: Run Behavior\TokenBuildBehavior [ RunTime:0.001000s ]
INFO: [ view_filter ] --END-- [ RunTime:0.002000s ]
INFO: [ app_end ] --START--
INFO: Run Behavior\ShowPageTraceBehavior [ RunTime:0.000000s ]
INFO: [ app_end ] --END-- [ RunTime:0.001000s ]

[ 2017-09-30T11:59:41+08:00 ] 127.0.0.1 /Wehome/search/index.html
INFO: [ app_begin ] --START--
INFO: Run Behavior\ReadHtmlCacheBehavior [ RunTime:0.001000s ]
INFO: [ app_begin ] --END-- [ RunTime:0.002000s ]
SQL: SHOW COLUMNS FROM `yu_s_search_index` [ RunTime:0.0010s ]
SQL: SELECT * FROM `yu_s_search_index` ORDER BY count desc LIMIT 5   [ RunTime:0.0000s ]
SQL: SHOW COLUMNS FROM `yu_s_search_log` [ RunTime:0.0010s ]
SQL: SELECT * FROM `yu_s_search_log` WHERE `mid` = 1 GROUP BY word ORDER BY id desc LIMIT 5   [ RunTime:0.0010s ]
INFO: [ view_parse ] --START--
INFO: [ template_filter ] --START--
INFO: Run Behavior\ContentReplaceBehavior [ RunTime:0.000000s ]
INFO: [ template_filter ] --END-- [ RunTime:0.001000s ]
INFO: Run Behavior\ParseTemplateBehavior [ RunTime:0.010001s ]
INFO: [ view_parse ] --END-- [ RunTime:0.010001s ]
INFO: [ view_filter ] --START--
INFO: Run Behavior\WriteHtmlCacheBehavior [ RunTime:0.001000s ]
INFO: Run Behavior\TokenBuildBehavior [ RunTime:0.000000s ]
INFO: [ view_filter ] --END-- [ RunTime:0.001000s ]
INFO: [ app_end ] --START--
INFO: Run Behavior\ShowPageTraceBehavior [ RunTime:0.000000s ]
INFO: [ app_end ] --END-- [ RunTime:0.000000s ]

[ 2017-09-30T11:59:42+08:00 ] 127.0.0.1 /Wehome/Search/index?keywords=%E5%A8%81%E6%B5%B7
INFO: [ app_begin ] --START--
INFO: Run Behavior\ReadHtmlCacheBehavior [ RunTime:0.001000s ]
INFO: [ app_begin ] --END-- [ RunTime:0.001000s ]
SQL: SHOW COLUMNS FROM `yu_s_search_index` [ RunTime:0.0010s ]
SQL: SELECT * FROM `yu_s_search_index` ORDER BY count desc LIMIT 5   [ RunTime:0.0000s ]
SQL: SHOW COLUMNS FROM `yu_s_search_log` [ RunTime:0.0010s ]
SQL: SELECT * FROM `yu_s_search_log` WHERE `mid` = 1 GROUP BY word ORDER BY id desc LIMIT 5   [ RunTime:0.0010s ]
SQL: INSERT INTO `yu_s_search_log` (`word`,`mid`,`created_at`) VALUES ('威海','1','2017-09-30 11:59:42') [ RunTime:0.0350s ]
SQL: SELECT `id` FROM `yu_s_search_index` WHERE `word` = '威海' LIMIT 1   [ RunTime:0.0010s ]
SQL: UPDATE `yu_s_search_index` SET `count`=count+1 WHERE ( id=2 ) [ RunTime:0.0210s ]

[ 2017-09-30T11:59:42+08:00 ] 127.0.0.1 /Wehome/Search/result/keywords/%E5%A8%81%E6%B5%B7.html
INFO: [ app_begin ] --START--
INFO: Run Behavior\ReadHtmlCacheBehavior [ RunTime:0.001000s ]
INFO: [ app_begin ] --END-- [ RunTime:0.001000s ]
SQL: SHOW COLUMNS FROM `yu_s_product` [ RunTime:0.0020s ]
SQL: SELECT `id`,`name`,`typeid`,`litpic` FROM `yu_s_product` WHERE (  `name` LIKE '%威海%' )  [ RunTime:0.0010s ]
INFO: [ view_parse ] --START--
INFO: [ template_filter ] --START--
INFO: Run Behavior\ContentReplaceBehavior [ RunTime:0.000000s ]
INFO: [ template_filter ] --END-- [ RunTime:0.000000s ]
SQL: SHOW COLUMNS FROM `yu_s_type` [ RunTime:0.0010s ]
SQL: SELECT `typename` FROM `yu_s_type` WHERE `id` = 1 LIMIT 1   [ RunTime:0.0000s ]
SQL: SELECT `typename` FROM `yu_s_type` WHERE `id` = 4 LIMIT 1   [ RunTime:0.0010s ]
SQL: SELECT `typename` FROM `yu_s_type` WHERE `id` = 1 LIMIT 1   [ RunTime:0.0000s ]
SQL: SELECT `typename` FROM `yu_s_type` WHERE `id` = 6 LIMIT 1   [ RunTime:0.0000s ]
SQL: SELECT `typename` FROM `yu_s_type` WHERE `id` = 7 LIMIT 1   [ RunTime:0.0000s ]
SQL: SELECT `typename` FROM `yu_s_type` WHERE `id` = 6 LIMIT 1   [ RunTime:0.0010s ]
SQL: SELECT `typename` FROM `yu_s_type` WHERE `id` = 6 LIMIT 1   [ RunTime:0.0000s ]
SQL: SELECT `typename` FROM `yu_s_type` WHERE `id` = 6 LIMIT 1   [ RunTime:0.0000s ]
INFO: Run Behavior\ParseTemplateBehavior [ RunTime:0.023001s ]
INFO: [ view_parse ] --END-- [ RunTime:0.023001s ]
INFO: [ view_filter ] --START--
INFO: Run Behavior\WriteHtmlCacheBehavior [ RunTime:0.001000s ]
INFO: Run Behavior\TokenBuildBehavior [ RunTime:0.001000s ]
INFO: [ view_filter ] --END-- [ RunTime:0.002000s ]
INFO: [ app_end ] --START--
INFO: Run Behavior\ShowPageTraceBehavior [ RunTime:0.000000s ]
INFO: [ app_end ] --END-- [ RunTime:0.001000s ]

