[ 2017-10-11T16:18:53+08:00 ] 127.0.0.1 /
INFO: [ app_begin ] --START--
INFO: Run Behavior\ReadHtmlCacheBehavior [ RunTime:0.000000s ]
INFO: [ app_begin ] --END-- [ RunTime:0.001000s ]
SQL: SHOW COLUMNS FROM `yu_ads` [ RunTime:0.0010s ]
SQL: SELECT * FROM `yu_ads` WHERE `position_sn` = 'banner_top' ORDER BY sortrank asc  [ RunTime:0.0000s ]
SQL: SHOW COLUMNS FROM `yu_s_type` [ RunTime:0.0010s ]
SQL: SELECT * FROM `yu_s_type` ORDER BY sortrank asc LIMIT 6   [ RunTime:0.0000s ]
SQL: SHOW COLUMNS FROM `yu_s_product` [ RunTime:0.0020s ]
SQL: SELECT `id`,`name`,`typeid`,`litpic` FROM `yu_s_product` WHERE `is_recommend` = 1  [ RunTime:0.0010s ]
INFO: [ view_parse ] --START--
INFO: [ template_filter ] --START--
INFO: Run Behavior\ContentReplaceBehavior [ RunTime:0.000000s ]
INFO: [ template_filter ] --END-- [ RunTime:0.000000s ]
SQL: SELECT `typename` FROM `yu_s_type` WHERE `id` = 1 LIMIT 1   [ RunTime:0.0000s ]
SQL: SELECT `typename` FROM `yu_s_type` WHERE `id` = 4 LIMIT 1   [ RunTime:0.0000s ]
SQL: SELECT `typename` FROM `yu_s_type` WHERE `id` = 1 LIMIT 1   [ RunTime:0.0000s ]
SQL: SELECT `typename` FROM `yu_s_type` WHERE `id` = 6 LIMIT 1   [ RunTime:0.0010s ]
SQL: SELECT `typename` FROM `yu_s_type` WHERE `id` = 7 LIMIT 1   [ RunTime:0.0000s ]
SQL: SELECT `typename` FROM `yu_s_type` WHERE `id` = 6 LIMIT 1   [ RunTime:0.0000s ]
SQL: SELECT `typename` FROM `yu_s_type` WHERE `id` = 6 LIMIT 1   [ RunTime:0.0000s ]
INFO: Run Behavior\ParseTemplateBehavior [ RunTime:0.021001s ]
INFO: [ view_parse ] --END-- [ RunTime:0.022001s ]
INFO: [ view_filter ] --START--
INFO: Run Behavior\WriteHtmlCacheBehavior [ RunTime:0.000000s ]
INFO: Run Behavior\TokenBuildBehavior [ RunTime:0.001000s ]
INFO: [ view_filter ] --END-- [ RunTime:0.001000s ]
INFO: [ app_end ] --START--
INFO: Run Behavior\ShowPageTraceBehavior [ RunTime:0.001001s ]
INFO: [ app_end ] --END-- [ RunTime:0.001001s ]

[ 2017-10-11T16:18:55+08:00 ] 127.0.0.1 /
INFO: [ app_begin ] --START--
INFO: Run Behavior\ReadHtmlCacheBehavior [ RunTime:0.001000s ]
INFO: [ app_begin ] --END-- [ RunTime:0.002000s ]
SQL: SHOW COLUMNS FROM `yu_ads` [ RunTime:0.0010s ]
SQL: SELECT * FROM `yu_ads` WHERE `position_sn` = 'banner_top' ORDER BY sortrank asc  [ RunTime:0.0000s ]
SQL: SHOW COLUMNS FROM `yu_s_type` [ RunTime:0.0010s ]
SQL: SELECT * FROM `yu_s_type` ORDER BY sortrank asc LIMIT 6   [ RunTime:0.0000s ]
SQL: SHOW COLUMNS FROM `yu_s_product` [ RunTime:0.0020s ]
SQL: SELECT `id`,`name`,`typeid`,`litpic` FROM `yu_s_product` WHERE `is_recommend` = 1  [ RunTime:0.0010s ]
INFO: [ view_parse ] --START--
INFO: [ template_filter ] --START--
INFO: Run Behavior\ContentReplaceBehavior [ RunTime:0.000000s ]
INFO: [ template_filter ] --END-- [ RunTime:0.000000s ]
SQL: SELECT `typename` FROM `yu_s_type` WHERE `id` = 1 LIMIT 1   [ RunTime:0.0000s ]
SQL: SELECT `typename` FROM `yu_s_type` WHERE `id` = 4 LIMIT 1   [ RunTime:0.0000s ]
SQL: SELECT `typename` FROM `yu_s_type` WHERE `id` = 1 LIMIT 1   [ RunTime:0.0000s ]
SQL: SELECT `typename` FROM `yu_s_type` WHERE `id` = 6 LIMIT 1   [ RunTime:0.0000s ]
SQL: SELECT `typename` FROM `yu_s_type` WHERE `id` = 7 LIMIT 1   [ RunTime:0.0000s ]
SQL: SELECT `typename` FROM `yu_s_type` WHERE `id` = 6 LIMIT 1   [ RunTime:0.0010s ]
SQL: SELECT `typename` FROM `yu_s_type` WHERE `id` = 6 LIMIT 1   [ RunTime:0.0000s ]
INFO: Run Behavior\ParseTemplateBehavior [ RunTime:0.032002s ]
INFO: [ view_parse ] --END-- [ RunTime:0.032002s ]
INFO: [ view_filter ] --START--
INFO: Run Behavior\WriteHtmlCacheBehavior [ RunTime:0.000000s ]
INFO: Run Behavior\TokenBuildBehavior [ RunTime:0.001000s ]
INFO: [ view_filter ] --END-- [ RunTime:0.002000s ]
INFO: [ app_end ] --START--
INFO: Run Behavior\ShowPageTraceBehavior [ RunTime:0.001000s ]
INFO: [ app_end ] --END-- [ RunTime:0.001000s ]

[ 2017-10-11T16:18:57+08:00 ] 127.0.0.1 /Wehome/index/p_detail/id/1.html
INFO: [ app_begin ] --START--
INFO: Run Behavior\ReadHtmlCacheBehavior [ RunTime:0.001000s ]
INFO: [ app_begin ] --END-- [ RunTime:0.001000s ]
SQL: SHOW COLUMNS FROM `yu_s_product` [ RunTime:0.0010s ]
SQL: SELECT * FROM `yu_s_product` WHERE ( id=1 ) LIMIT 1   [ RunTime:0.0010s ]
SQL: SHOW COLUMNS FROM `yu_s_type` [ RunTime:0.0020s ]
SQL: SELECT `typename` FROM `yu_s_type` WHERE `id` = 1 LIMIT 1   [ RunTime:0.0000s ]
SQL: SHOW COLUMNS FROM `yu_district` [ RunTime:0.0000s ]
SQL: SELECT `name` FROM `yu_district` WHERE `id` = 410000 LIMIT 1   [ RunTime:0.0080s ]
SQL: SELECT `name` FROM `yu_district` WHERE `id` = 411300 LIMIT 1   [ RunTime:0.0010s ]
SQL: SELECT `name` FROM `yu_district` WHERE `id` = 411303 LIMIT 1   [ RunTime:0.0000s ]
SQL: SELECT `id`,`name`,`litpic` FROM `yu_s_product` WHERE `typeid` = 1 AND `is_recommend` = 1 AND `id` <> 1 LIMIT 2   [ RunTime:0.0010s ]
INFO: [ view_parse ] --START--
INFO: [ template_filter ] --START--
INFO: Run Behavior\ContentReplaceBehavior [ RunTime:0.000000s ]
INFO: [ template_filter ] --END-- [ RunTime:0.000000s ]
INFO: Run Behavior\ParseTemplateBehavior [ RunTime:0.012000s ]
INFO: [ view_parse ] --END-- [ RunTime:0.012000s ]
INFO: [ view_filter ] --START--
INFO: Run Behavior\WriteHtmlCacheBehavior [ RunTime:0.000000s ]
INFO: Run Behavior\TokenBuildBehavior [ RunTime:0.001000s ]
INFO: [ view_filter ] --END-- [ RunTime:0.001000s ]
INFO: [ app_end ] --START--
INFO: Run Behavior\ShowPageTraceBehavior [ RunTime:0.001000s ]
INFO: [ app_end ] --END-- [ RunTime:0.001000s ]

[ 2017-10-11T16:19:00+08:00 ] 127.0.0.1 /Wehome/order/add/product_id/1.html
INFO: [ app_begin ] --START--
INFO: Run Behavior\ReadHtmlCacheBehavior [ RunTime:0.000000s ]
INFO: [ app_begin ] --END-- [ RunTime:0.001000s ]
SQL: SHOW COLUMNS FROM `yu_s_product` [ RunTime:0.0020s ]
SQL: SELECT `id`,`name`,`max_num`,`price`,`litpic` FROM `yu_s_product` WHERE ( id=1 ) LIMIT 1   [ RunTime:0.0010s ]
INFO: [ view_parse ] --START--
INFO: [ template_filter ] --START--
INFO: Run Behavior\ContentReplaceBehavior [ RunTime:0.000000s ]
INFO: [ template_filter ] --END-- [ RunTime:0.000000s ]
INFO: Run Behavior\ParseTemplateBehavior [ RunTime:0.011001s ]
INFO: [ view_parse ] --END-- [ RunTime:0.011001s ]
INFO: [ view_filter ] --START--
INFO: Run Behavior\WriteHtmlCacheBehavior [ RunTime:0.001000s ]
INFO: Run Behavior\TokenBuildBehavior [ RunTime:0.001000s ]
INFO: [ view_filter ] --END-- [ RunTime:0.002000s ]
INFO: [ app_end ] --START--
INFO: Run Behavior\ShowPageTraceBehavior [ RunTime:0.001000s ]
INFO: [ app_end ] --END-- [ RunTime:0.001000s ]

[ 2017-10-11T16:19:24+08:00 ] 127.0.0.1 /wehome/order/save.html
INFO: [ app_begin ] --START--
INFO: Run Behavior\ReadHtmlCacheBehavior [ RunTime:0.001000s ]
INFO: [ app_begin ] --END-- [ RunTime:0.001000s ]
SQL: SHOW COLUMNS FROM `yu_s_product` [ RunTime:0.0020s ]
SQL: SELECT `price`,`max_num` FROM `yu_s_product` WHERE `id` = 1 LIMIT 1   [ RunTime:0.0000s ]
SQL: SHOW COLUMNS FROM `yu_s_member` [ RunTime:0.0010s ]
SQL: SELECT `balance` FROM `yu_s_member` WHERE ( id=1 ) LIMIT 1   [ RunTime:0.0000s ]

[ 2017-10-11T16:21:30+08:00 ] 127.0.0.1 /wehome/order/save.html
INFO: [ app_begin ] --START--
INFO: Run Behavior\ReadHtmlCacheBehavior [ RunTime:0.002000s ]
INFO: [ app_begin ] --END-- [ RunTime:0.002000s ]
SQL: SHOW COLUMNS FROM `yu_s_product` [ RunTime:0.0010s ]
SQL: SELECT `price`,`max_num` FROM `yu_s_product` WHERE `id` = 1 LIMIT 1   [ RunTime:0.0000s ]
SQL: SHOW COLUMNS FROM `yu_s_member` [ RunTime:0.0010s ]
SQL: SELECT `balance` FROM `yu_s_member` WHERE ( id=1 ) LIMIT 1   [ RunTime:0.0000s ]
SQL: SHOW COLUMNS FROM `yu_s_order` [ RunTime:0.0020s ]
NOTIC: [8] Undefined index: validate D:\wamp64\www\1Test\yl_yifangyou\ThinkPHP\Library\Think\Model.class.php 第 1185 行.
SQL: SELECT * FROM `yu_s_order` WHERE `order_sn` = '2017101116212922' LIMIT 1   [ RunTime:0.0010s ]
NOTIC: [8] Undefined index: auto D:\wamp64\www\1Test\yl_yifangyou\ThinkPHP\Library\Think\Model.class.php 第 1128 行.
SQL: INSERT INTO `yu_s_order` (`begin_time`,`end_time`,`product_id`,`order_sn`,`total`,`mid`,`created_at`,`status`,`day_num`,`person_num`) VALUES ('2017-11-10','2017-11-12','1','2017101116212922','200','1','2017-10-11 16:21:29','1','2','1') [ RunTime:0.0010s ]
SQL: SHOW COLUMNS FROM `yu_s_order_person` [ RunTime:0.0010s ]
SQL: INSERT INTO `yu_s_order_person` (`order_id`,`name`,`tel`,`id_sn`) VALUES ('72','撒旦法','15964915110','370921198910143977') [ RunTime:0.0000s ]
SQL: SHOW COLUMNS FROM `yu_message` [ RunTime:0.0010s ]
SQL: INSERT INTO `yu_message` (`mid`,`type`,`content_id`,`created_at`) VALUES ('1','2','1','2017-10-11 16:21:30') [ RunTime:0.0000s ]
SQL: UPDATE `yu_s_member` SET `balance`=balance-200 WHERE ( id=1 ) [ RunTime:0.0000s ]
SQL: INSERT INTO `yu_message` (`mid`,`type`,`content_id`,`created_at`) VALUES ('1','3','1','2017-10-11 16:21:30') [ RunTime:0.0010s ]
SQL: SELECT `balance` FROM `yu_s_member` WHERE `id` = 1 LIMIT 1   [ RunTime:0.0010s ]
SQL: SHOW COLUMNS FROM `yu_s_pay_log` [ RunTime:0.0010s ]
SQL: INSERT INTO `yu_s_pay_log` (`mid`,`process_type`,`order_id`,`amount`,`balance`,`created_at`) VALUES ('1','2','72','200','44140.00','2017-10-11 16:21:30') [ RunTime:0.0010s ]

[ 2017-10-11T16:26:21+08:00 ] 127.0.0.1 /Wehome/Newsarticle/index/id/7.html
INFO: [ app_begin ] --START--
INFO: Run Behavior\ReadHtmlCacheBehavior [ RunTime:0.001000s ]
INFO: [ app_begin ] --END-- [ RunTime:0.001000s ]
SQL: SHOW COLUMNS FROM `yu_n_type` [ RunTime:0.0010s ]
SQL: SELECT * FROM `yu_n_type` WHERE ( id=7 ) LIMIT 1   [ RunTime:0.0010s ]
INFO: [ view_parse ] --START--
INFO: [ template_filter ] --START--
INFO: Run Behavior\ContentReplaceBehavior [ RunTime:0.000000s ]
INFO: [ template_filter ] --END-- [ RunTime:0.000000s ]
INFO: Run Behavior\ParseTemplateBehavior [ RunTime:0.009000s ]
INFO: [ view_parse ] --END-- [ RunTime:0.009000s ]
INFO: [ view_filter ] --START--
INFO: Run Behavior\WriteHtmlCacheBehavior [ RunTime:0.001000s ]
INFO: Run Behavior\TokenBuildBehavior [ RunTime:0.000000s ]
INFO: [ view_filter ] --END-- [ RunTime:0.001000s ]
INFO: [ app_end ] --START--
INFO: Run Behavior\ShowPageTraceBehavior [ RunTime:0.000000s ]
INFO: [ app_end ] --END-- [ RunTime:0.000000s ]

[ 2017-10-11T17:08:14+08:00 ] 127.0.0.1 /Wehome/order/add/product_id/1.html
INFO: [ app_begin ] --START--
INFO: Run Behavior\ReadHtmlCacheBehavior [ RunTime:0.001000s ]
INFO: [ app_begin ] --END-- [ RunTime:0.001000s ]
SQL: SHOW COLUMNS FROM `yu_s_product` [ RunTime:0.0020s ]
SQL: SELECT `id`,`name`,`max_num`,`price`,`litpic` FROM `yu_s_product` WHERE ( id=1 ) LIMIT 1   [ RunTime:0.0010s ]
INFO: [ view_parse ] --START--
INFO: [ template_filter ] --START--
INFO: Run Behavior\ContentReplaceBehavior [ RunTime:0.000000s ]
INFO: [ template_filter ] --END-- [ RunTime:0.000000s ]
INFO: Run Behavior\ParseTemplateBehavior [ RunTime:0.010001s ]
INFO: [ view_parse ] --END-- [ RunTime:0.010001s ]
INFO: [ view_filter ] --START--
INFO: Run Behavior\WriteHtmlCacheBehavior [ RunTime:0.000000s ]
INFO: Run Behavior\TokenBuildBehavior [ RunTime:0.001000s ]
INFO: [ view_filter ] --END-- [ RunTime:0.002000s ]
INFO: [ app_end ] --START--
INFO: Run Behavior\ShowPageTraceBehavior [ RunTime:0.001000s ]
INFO: [ app_end ] --END-- [ RunTime:0.001000s ]

