[ 2018-04-21T10:47:04+08:00 ] 127.0.0.1 /
INFO: [ app_begin ] --START--
INFO: Run Behavior\ReadHtmlCacheBehavior [ RunTime:0.001000s ]
INFO: [ app_begin ] --END-- [ RunTime:0.002000s ]
SQL: SHOW COLUMNS FROM `yu_ads` [ RunTime:0.0020s ]
SQL: SELECT * FROM `yu_ads` WHERE `position_sn` = 'banner_top' ORDER BY sortrank asc  [ RunTime:0.0000s ]
SQL: SHOW COLUMNS FROM `yu_s_type` [ RunTime:0.0010s ]
SQL: SELECT * FROM `yu_s_type` ORDER BY sortrank asc LIMIT 6   [ RunTime:0.0000s ]
SQL: SHOW COLUMNS FROM `yu_s_product` [ RunTime:0.0020s ]
SQL: SELECT `id`,`name`,`typeid`,`litpic` FROM `yu_s_product` WHERE `is_recommend` = 1  [ RunTime:0.0010s ]
INFO: [ view_parse ] --START--
INFO: [ template_filter ] --START--
INFO: Run Behavior\ContentReplaceBehavior [ RunTime:0.001000s ]
INFO: [ template_filter ] --END-- [ RunTime:0.001000s ]
SQL: SELECT `typename` FROM `yu_s_type` WHERE `id` = 1 LIMIT 1   [ RunTime:0.0000s ]
SQL: SELECT `typename` FROM `yu_s_type` WHERE `id` = 4 LIMIT 1   [ RunTime:0.0000s ]
SQL: SELECT `typename` FROM `yu_s_type` WHERE `id` = 1 LIMIT 1   [ RunTime:0.0000s ]
SQL: SELECT `typename` FROM `yu_s_type` WHERE `id` = 6 LIMIT 1   [ RunTime:0.0010s ]
SQL: SELECT `typename` FROM `yu_s_type` WHERE `id` = 7 LIMIT 1   [ RunTime:0.0010s ]
SQL: SELECT `typename` FROM `yu_s_type` WHERE `id` = 6 LIMIT 1   [ RunTime:0.0000s ]
SQL: SELECT `typename` FROM `yu_s_type` WHERE `id` = 6 LIMIT 1   [ RunTime:0.0000s ]
INFO: Run Behavior\ParseTemplateBehavior [ RunTime:0.030002s ]
INFO: [ view_parse ] --END-- [ RunTime:0.030002s ]
INFO: [ view_filter ] --START--
INFO: Run Behavior\WriteHtmlCacheBehavior [ RunTime:0.001000s ]
INFO: Run Behavior\TokenBuildBehavior [ RunTime:0.001000s ]
INFO: [ view_filter ] --END-- [ RunTime:0.002000s ]
INFO: [ app_end ] --START--
INFO: Run Behavior\ShowPageTraceBehavior [ RunTime:0.001000s ]
INFO: [ app_end ] --END-- [ RunTime:0.001000s ]

[ 2018-04-21T10:47:07+08:00 ] 127.0.0.1 /Wehome/message/isread
INFO: [ app_begin ] --START--
INFO: Run Behavior\ReadHtmlCacheBehavior [ RunTime:0.001000s ]
INFO: [ app_begin ] --END-- [ RunTime:0.001000s ]
ERR: 无法加载控制器:Message

[ 2018-04-21T10:47:09+08:00 ] 127.0.0.1 /Wehome/message/isread
INFO: [ app_begin ] --START--
INFO: Run Behavior\ReadHtmlCacheBehavior [ RunTime:0.001000s ]
INFO: [ app_begin ] --END-- [ RunTime:0.002000s ]
ERR: 无法加载控制器:Message

[ 2018-04-21T10:47:11+08:00 ] 127.0.0.1 /Wehome/message/isread
INFO: [ app_begin ] --START--
INFO: Run Behavior\ReadHtmlCacheBehavior [ RunTime:0.000000s ]
INFO: [ app_begin ] --END-- [ RunTime:0.002000s ]
ERR: 无法加载控制器:Message

[ 2018-04-21T10:47:11+08:00 ] 127.0.0.1 /Wehome/member/login
INFO: [ app_begin ] --START--
INFO: Run Behavior\ReadHtmlCacheBehavior [ RunTime:0.001000s ]
INFO: [ app_begin ] --END-- [ RunTime:0.001000s ]
INFO: [ view_parse ] --START--
INFO: [ template_filter ] --START--
INFO: Run Behavior\ContentReplaceBehavior [ RunTime:0.001000s ]
INFO: [ template_filter ] --END-- [ RunTime:0.001000s ]
INFO: Run Behavior\ParseTemplateBehavior [ RunTime:0.009000s ]
INFO: [ view_parse ] --END-- [ RunTime:0.009000s ]
INFO: [ view_filter ] --START--
INFO: Run Behavior\WriteHtmlCacheBehavior [ RunTime:0.001001s ]
INFO: Run Behavior\TokenBuildBehavior [ RunTime:0.001000s ]
INFO: [ view_filter ] --END-- [ RunTime:0.002001s ]
INFO: [ app_end ] --START--
INFO: Run Behavior\ShowPageTraceBehavior [ RunTime:0.000000s ]
INFO: [ app_end ] --END-- [ RunTime:0.000000s ]

[ 2018-04-21T11:43:10+08:00 ] 127.0.0.1 /Wehome/member/register
INFO: [ app_begin ] --START--
INFO: Run Behavior\ReadHtmlCacheBehavior [ RunTime:0.001001s ]
INFO: [ app_begin ] --END-- [ RunTime:0.001001s ]
INFO: [ view_parse ] --START--
INFO: [ template_filter ] --START--
INFO: Run Behavior\ContentReplaceBehavior [ RunTime:0.000000s ]
INFO: [ template_filter ] --END-- [ RunTime:0.000000s ]
NOTIC: [8] Use of undefined constant member - assumed 'member' D:\wamp64\www\1Test\meinv\Runtime\Cache\Wehome\60872aec89a4c757798ff39f7360a2e8.php 第 61 行.
NOTIC: [8] Use of undefined constant register - assumed 'register' D:\wamp64\www\1Test\meinv\Runtime\Cache\Wehome\60872aec89a4c757798ff39f7360a2e8.php 第 61 行.
NOTIC: [2] Division by zero D:\wamp64\www\1Test\meinv\Runtime\Cache\Wehome\60872aec89a4c757798ff39f7360a2e8.php 第 61 行.
INFO: Run Behavior\ParseTemplateBehavior [ RunTime:0.010000s ]
INFO: [ view_parse ] --END-- [ RunTime:0.010000s ]
INFO: [ view_filter ] --START--
INFO: Run Behavior\WriteHtmlCacheBehavior [ RunTime:0.001000s ]
INFO: Run Behavior\TokenBuildBehavior [ RunTime:0.000000s ]
INFO: [ view_filter ] --END-- [ RunTime:0.001000s ]
INFO: [ app_end ] --START--
INFO: Run Behavior\ShowPageTraceBehavior [ RunTime:0.000000s ]
INFO: [ app_end ] --END-- [ RunTime:0.000000s ]

[ 2018-04-21T11:43:11+08:00 ] 127.0.0.1 /Wehome/member/register
INFO: [ app_begin ] --START--
INFO: Run Behavior\ReadHtmlCacheBehavior [ RunTime:0.001000s ]
INFO: [ app_begin ] --END-- [ RunTime:0.001000s ]
INFO: [ view_parse ] --START--
INFO: [ template_filter ] --START--
INFO: Run Behavior\ContentReplaceBehavior [ RunTime:0.000000s ]
INFO: [ template_filter ] --END-- [ RunTime:0.001000s ]
NOTIC: [8] Use of undefined constant member - assumed 'member' D:\wamp64\www\1Test\meinv\Runtime\Cache\Wehome\60872aec89a4c757798ff39f7360a2e8.php 第 61 行.
NOTIC: [8] Use of undefined constant register - assumed 'register' D:\wamp64\www\1Test\meinv\Runtime\Cache\Wehome\60872aec89a4c757798ff39f7360a2e8.php 第 61 行.
NOTIC: [2] Division by zero D:\wamp64\www\1Test\meinv\Runtime\Cache\Wehome\60872aec89a4c757798ff39f7360a2e8.php 第 61 行.
INFO: Run Behavior\ParseTemplateBehavior [ RunTime:0.010001s ]
INFO: [ view_parse ] --END-- [ RunTime:0.010001s ]
INFO: [ view_filter ] --START--
INFO: Run Behavior\WriteHtmlCacheBehavior [ RunTime:0.001000s ]
INFO: Run Behavior\TokenBuildBehavior [ RunTime:0.000000s ]
INFO: [ view_filter ] --END-- [ RunTime:0.002000s ]
INFO: [ app_end ] --START--
INFO: Run Behavior\ShowPageTraceBehavior [ RunTime:0.000000s ]
INFO: [ app_end ] --END-- [ RunTime:0.000000s ]

[ 2018-04-21T11:44:19+08:00 ] 127.0.0.1 /Wehome/member/register
INFO: [ app_begin ] --START--
INFO: Run Behavior\ReadHtmlCacheBehavior [ RunTime:0.000000s ]
INFO: [ app_begin ] --END-- [ RunTime:0.001000s ]
INFO: [ view_parse ] --START--
INFO: [ template_filter ] --START--
INFO: Run Behavior\ContentReplaceBehavior [ RunTime:0.001000s ]
INFO: [ template_filter ] --END-- [ RunTime:0.001000s ]
NOTIC: [8] Use of undefined constant member - assumed 'member' D:\wamp64\www\1Test\meinv\Runtime\Cache\Wehome\60872aec89a4c757798ff39f7360a2e8.php 第 61 行.
NOTIC: [8] Use of undefined constant register - assumed 'register' D:\wamp64\www\1Test\meinv\Runtime\Cache\Wehome\60872aec89a4c757798ff39f7360a2e8.php 第 61 行.
NOTIC: [2] Division by zero D:\wamp64\www\1Test\meinv\Runtime\Cache\Wehome\60872aec89a4c757798ff39f7360a2e8.php 第 61 行.
NOTIC: [8] Use of undefined constant member - assumed 'member' D:\wamp64\www\1Test\meinv\Runtime\Cache\Wehome\60872aec89a4c757798ff39f7360a2e8.php 第 77 行.
NOTIC: [8] Use of undefined constant login - assumed 'login' D:\wamp64\www\1Test\meinv\Runtime\Cache\Wehome\60872aec89a4c757798ff39f7360a2e8.php 第 77 行.
NOTIC: [2] Division by zero D:\wamp64\www\1Test\meinv\Runtime\Cache\Wehome\60872aec89a4c757798ff39f7360a2e8.php 第 77 行.
INFO: Run Behavior\ParseTemplateBehavior [ RunTime:0.007000s ]
INFO: [ view_parse ] --END-- [ RunTime:0.007000s ]
INFO: [ view_filter ] --START--
INFO: Run Behavior\WriteHtmlCacheBehavior [ RunTime:0.001000s ]
INFO: Run Behavior\TokenBuildBehavior [ RunTime:0.001001s ]
INFO: [ view_filter ] --END-- [ RunTime:0.002001s ]
INFO: [ app_end ] --START--
INFO: Run Behavior\ShowPageTraceBehavior [ RunTime:0.001000s ]
INFO: [ app_end ] --END-- [ RunTime:0.001000s ]

[ 2018-04-21T11:44:24+08:00 ] 127.0.0.1 /Wehome/member/register
INFO: [ app_begin ] --START--
INFO: Run Behavior\ReadHtmlCacheBehavior [ RunTime:0.000000s ]
INFO: [ app_begin ] --END-- [ RunTime:0.002000s ]
INFO: [ view_parse ] --START--
INFO: [ template_filter ] --START--
INFO: Run Behavior\ContentReplaceBehavior [ RunTime:0.000000s ]
INFO: [ template_filter ] --END-- [ RunTime:0.001000s ]
NOTIC: [8] Use of undefined constant member - assumed 'member' D:\wamp64\www\1Test\meinv\Runtime\Cache\Wehome\60872aec89a4c757798ff39f7360a2e8.php 第 61 行.
NOTIC: [8] Use of undefined constant register - assumed 'register' D:\wamp64\www\1Test\meinv\Runtime\Cache\Wehome\60872aec89a4c757798ff39f7360a2e8.php 第 61 行.
NOTIC: [2] Division by zero D:\wamp64\www\1Test\meinv\Runtime\Cache\Wehome\60872aec89a4c757798ff39f7360a2e8.php 第 61 行.
NOTIC: [8] Use of undefined constant member - assumed 'member' D:\wamp64\www\1Test\meinv\Runtime\Cache\Wehome\60872aec89a4c757798ff39f7360a2e8.php 第 77 行.
NOTIC: [8] Use of undefined constant login - assumed 'login' D:\wamp64\www\1Test\meinv\Runtime\Cache\Wehome\60872aec89a4c757798ff39f7360a2e8.php 第 77 行.
NOTIC: [2] Division by zero D:\wamp64\www\1Test\meinv\Runtime\Cache\Wehome\60872aec89a4c757798ff39f7360a2e8.php 第 77 行.
INFO: Run Behavior\ParseTemplateBehavior [ RunTime:0.007001s ]
INFO: [ view_parse ] --END-- [ RunTime:0.007001s ]
INFO: [ view_filter ] --START--
INFO: Run Behavior\WriteHtmlCacheBehavior [ RunTime:0.000000s ]
INFO: Run Behavior\TokenBuildBehavior [ RunTime:0.001000s ]
INFO: [ view_filter ] --END-- [ RunTime:0.001000s ]
INFO: [ app_end ] --START--
INFO: Run Behavior\ShowPageTraceBehavior [ RunTime:0.001000s ]
INFO: [ app_end ] --END-- [ RunTime:0.001000s ]

[ 2018-04-21T11:44:25+08:00 ] 127.0.0.1 /Wehome/member/register
INFO: [ app_begin ] --START--
INFO: Run Behavior\ReadHtmlCacheBehavior [ RunTime:0.001000s ]
INFO: [ app_begin ] --END-- [ RunTime:0.001000s ]
INFO: [ view_parse ] --START--
INFO: [ template_filter ] --START--
INFO: Run Behavior\ContentReplaceBehavior [ RunTime:0.000000s ]
INFO: [ template_filter ] --END-- [ RunTime:0.000000s ]
NOTIC: [8] Use of undefined constant member - assumed 'member' D:\wamp64\www\1Test\meinv\Runtime\Cache\Wehome\60872aec89a4c757798ff39f7360a2e8.php 第 61 行.
NOTIC: [8] Use of undefined constant register - assumed 'register' D:\wamp64\www\1Test\meinv\Runtime\Cache\Wehome\60872aec89a4c757798ff39f7360a2e8.php 第 61 行.
NOTIC: [2] Division by zero D:\wamp64\www\1Test\meinv\Runtime\Cache\Wehome\60872aec89a4c757798ff39f7360a2e8.php 第 61 行.
NOTIC: [8] Use of undefined constant member - assumed 'member' D:\wamp64\www\1Test\meinv\Runtime\Cache\Wehome\60872aec89a4c757798ff39f7360a2e8.php 第 77 行.
NOTIC: [8] Use of undefined constant login - assumed 'login' D:\wamp64\www\1Test\meinv\Runtime\Cache\Wehome\60872aec89a4c757798ff39f7360a2e8.php 第 77 行.
NOTIC: [2] Division by zero D:\wamp64\www\1Test\meinv\Runtime\Cache\Wehome\60872aec89a4c757798ff39f7360a2e8.php 第 77 行.
INFO: Run Behavior\ParseTemplateBehavior [ RunTime:0.008000s ]
INFO: [ view_parse ] --END-- [ RunTime:0.008000s ]
INFO: [ view_filter ] --START--
INFO: Run Behavior\WriteHtmlCacheBehavior [ RunTime:0.001000s ]
INFO: Run Behavior\TokenBuildBehavior [ RunTime:0.000000s ]
INFO: [ view_filter ] --END-- [ RunTime:0.002000s ]
INFO: [ app_end ] --START--
INFO: Run Behavior\ShowPageTraceBehavior [ RunTime:0.000000s ]
INFO: [ app_end ] --END-- [ RunTime:0.000000s ]

[ 2018-04-21T11:44:25+08:00 ] 127.0.0.1 /Wehome/member/register
INFO: [ app_begin ] --START--
INFO: Run Behavior\ReadHtmlCacheBehavior [ RunTime:0.001000s ]
INFO: [ app_begin ] --END-- [ RunTime:0.002000s ]
INFO: [ view_parse ] --START--
INFO: [ template_filter ] --START--
INFO: Run Behavior\ContentReplaceBehavior [ RunTime:0.000000s ]
INFO: [ template_filter ] --END-- [ RunTime:0.001000s ]
NOTIC: [8] Use of undefined constant member - assumed 'member' D:\wamp64\www\1Test\meinv\Runtime\Cache\Wehome\60872aec89a4c757798ff39f7360a2e8.php 第 61 行.
NOTIC: [8] Use of undefined constant register - assumed 'register' D:\wamp64\www\1Test\meinv\Runtime\Cache\Wehome\60872aec89a4c757798ff39f7360a2e8.php 第 61 行.
NOTIC: [2] Division by zero D:\wamp64\www\1Test\meinv\Runtime\Cache\Wehome\60872aec89a4c757798ff39f7360a2e8.php 第 61 行.
NOTIC: [8] Use of undefined constant member - assumed 'member' D:\wamp64\www\1Test\meinv\Runtime\Cache\Wehome\60872aec89a4c757798ff39f7360a2e8.php 第 77 行.
NOTIC: [8] Use of undefined constant login - assumed 'login' D:\wamp64\www\1Test\meinv\Runtime\Cache\Wehome\60872aec89a4c757798ff39f7360a2e8.php 第 77 行.
NOTIC: [2] Division by zero D:\wamp64\www\1Test\meinv\Runtime\Cache\Wehome\60872aec89a4c757798ff39f7360a2e8.php 第 77 行.
INFO: Run Behavior\ParseTemplateBehavior [ RunTime:0.008000s ]
INFO: [ view_parse ] --END-- [ RunTime:0.008000s ]
INFO: [ view_filter ] --START--
INFO: Run Behavior\WriteHtmlCacheBehavior [ RunTime:0.000000s ]
INFO: Run Behavior\TokenBuildBehavior [ RunTime:0.001000s ]
INFO: [ view_filter ] --END-- [ RunTime:0.001000s ]
INFO: [ app_end ] --START--
INFO: Run Behavior\ShowPageTraceBehavior [ RunTime:0.001001s ]
INFO: [ app_end ] --END-- [ RunTime:0.001001s ]

[ 2018-04-21T11:44:26+08:00 ] 127.0.0.1 /Wehome/Member/register.html
INFO: [ app_begin ] --START--
INFO: Run Behavior\ReadHtmlCacheBehavior [ RunTime:0.001000s ]
INFO: [ app_begin ] --END-- [ RunTime:0.001000s ]
INFO: [ view_parse ] --START--
INFO: [ template_filter ] --START--
INFO: Run Behavior\ContentReplaceBehavior [ RunTime:0.000000s ]
INFO: [ template_filter ] --END-- [ RunTime:0.001000s ]
NOTIC: [8] Use of undefined constant member - assumed 'member' D:\wamp64\www\1Test\meinv\Runtime\Cache\Wehome\60872aec89a4c757798ff39f7360a2e8.php 第 61 行.
NOTIC: [8] Use of undefined constant register - assumed 'register' D:\wamp64\www\1Test\meinv\Runtime\Cache\Wehome\60872aec89a4c757798ff39f7360a2e8.php 第 61 行.
NOTIC: [2] Division by zero D:\wamp64\www\1Test\meinv\Runtime\Cache\Wehome\60872aec89a4c757798ff39f7360a2e8.php 第 61 行.
NOTIC: [8] Use of undefined constant member - assumed 'member' D:\wamp64\www\1Test\meinv\Runtime\Cache\Wehome\60872aec89a4c757798ff39f7360a2e8.php 第 77 行.
NOTIC: [8] Use of undefined constant login - assumed 'login' D:\wamp64\www\1Test\meinv\Runtime\Cache\Wehome\60872aec89a4c757798ff39f7360a2e8.php 第 77 行.
NOTIC: [2] Division by zero D:\wamp64\www\1Test\meinv\Runtime\Cache\Wehome\60872aec89a4c757798ff39f7360a2e8.php 第 77 行.
INFO: Run Behavior\ParseTemplateBehavior [ RunTime:0.008000s ]
INFO: [ view_parse ] --END-- [ RunTime:0.008000s ]
INFO: [ view_filter ] --START--
INFO: Run Behavior\WriteHtmlCacheBehavior [ RunTime:0.001000s ]
INFO: Run Behavior\TokenBuildBehavior [ RunTime:0.001000s ]
INFO: [ view_filter ] --END-- [ RunTime:0.002000s ]
INFO: [ app_end ] --START--
INFO: Run Behavior\ShowPageTraceBehavior [ RunTime:0.001001s ]
INFO: [ app_end ] --END-- [ RunTime:0.001001s ]

[ 2018-04-21T11:44:35+08:00 ] 127.0.0.1 /Wehome/member/register
INFO: [ app_begin ] --START--
INFO: Run Behavior\ReadHtmlCacheBehavior [ RunTime:0.001000s ]
INFO: [ app_begin ] --END-- [ RunTime:0.001000s ]
INFO: [ view_parse ] --START--
INFO: [ template_filter ] --START--
INFO: Run Behavior\ContentReplaceBehavior [ RunTime:0.000000s ]
INFO: [ template_filter ] --END-- [ RunTime:0.000000s ]
NOTIC: [8] Use of undefined constant member - assumed 'member' D:\wamp64\www\1Test\meinv\Runtime\Cache\Wehome\60872aec89a4c757798ff39f7360a2e8.php 第 61 行.
NOTIC: [8] Use of undefined constant register - assumed 'register' D:\wamp64\www\1Test\meinv\Runtime\Cache\Wehome\60872aec89a4c757798ff39f7360a2e8.php 第 61 行.
NOTIC: [2] Division by zero D:\wamp64\www\1Test\meinv\Runtime\Cache\Wehome\60872aec89a4c757798ff39f7360a2e8.php 第 61 行.
NOTIC: [8] Use of undefined constant member - assumed 'member' D:\wamp64\www\1Test\meinv\Runtime\Cache\Wehome\60872aec89a4c757798ff39f7360a2e8.php 第 77 行.
NOTIC: [8] Use of undefined constant login - assumed 'login' D:\wamp64\www\1Test\meinv\Runtime\Cache\Wehome\60872aec89a4c757798ff39f7360a2e8.php 第 77 行.
NOTIC: [2] Division by zero D:\wamp64\www\1Test\meinv\Runtime\Cache\Wehome\60872aec89a4c757798ff39f7360a2e8.php 第 77 行.
INFO: Run Behavior\ParseTemplateBehavior [ RunTime:0.009001s ]
INFO: [ view_parse ] --END-- [ RunTime:0.009001s ]
INFO: [ view_filter ] --START--
INFO: Run Behavior\WriteHtmlCacheBehavior [ RunTime:0.001000s ]
INFO: Run Behavior\TokenBuildBehavior [ RunTime:0.001000s ]
INFO: [ view_filter ] --END-- [ RunTime:0.002000s ]
INFO: [ app_end ] --START--
INFO: Run Behavior\ShowPageTraceBehavior [ RunTime:0.001000s ]
INFO: [ app_end ] --END-- [ RunTime:0.001000s ]

[ 2018-04-21T11:44:35+08:00 ] 127.0.0.1 /Wehome/member/register
INFO: [ app_begin ] --START--
INFO: Run Behavior\ReadHtmlCacheBehavior [ RunTime:0.001000s ]
INFO: [ app_begin ] --END-- [ RunTime:0.001000s ]
INFO: [ view_parse ] --START--
INFO: [ template_filter ] --START--
INFO: Run Behavior\ContentReplaceBehavior [ RunTime:0.000000s ]
INFO: [ template_filter ] --END-- [ RunTime:0.000000s ]
NOTIC: [8] Use of undefined constant member - assumed 'member' D:\wamp64\www\1Test\meinv\Runtime\Cache\Wehome\60872aec89a4c757798ff39f7360a2e8.php 第 61 行.
NOTIC: [8] Use of undefined constant register - assumed 'register' D:\wamp64\www\1Test\meinv\Runtime\Cache\Wehome\60872aec89a4c757798ff39f7360a2e8.php 第 61 行.
NOTIC: [2] Division by zero D:\wamp64\www\1Test\meinv\Runtime\Cache\Wehome\60872aec89a4c757798ff39f7360a2e8.php 第 61 行.
NOTIC: [8] Use of undefined constant member - assumed 'member' D:\wamp64\www\1Test\meinv\Runtime\Cache\Wehome\60872aec89a4c757798ff39f7360a2e8.php 第 77 行.
NOTIC: [8] Use of undefined constant login - assumed 'login' D:\wamp64\www\1Test\meinv\Runtime\Cache\Wehome\60872aec89a4c757798ff39f7360a2e8.php 第 77 行.
NOTIC: [2] Division by zero D:\wamp64\www\1Test\meinv\Runtime\Cache\Wehome\60872aec89a4c757798ff39f7360a2e8.php 第 77 行.
INFO: Run Behavior\ParseTemplateBehavior [ RunTime:0.011001s ]
INFO: [ view_parse ] --END-- [ RunTime:0.011001s ]
INFO: [ view_filter ] --START--
INFO: Run Behavior\WriteHtmlCacheBehavior [ RunTime:0.001000s ]
INFO: Run Behavior\TokenBuildBehavior [ RunTime:0.001000s ]
INFO: [ view_filter ] --END-- [ RunTime:0.002000s ]
INFO: [ app_end ] --START--
INFO: Run Behavior\ShowPageTraceBehavior [ RunTime:0.001000s ]
INFO: [ app_end ] --END-- [ RunTime:0.001000s ]

[ 2018-04-21T11:44:40+08:00 ] 127.0.0.1 /Wehome/member/register
INFO: [ app_begin ] --START--
INFO: Run Behavior\ReadHtmlCacheBehavior [ RunTime:0.001000s ]
INFO: [ app_begin ] --END-- [ RunTime:0.001000s ]
INFO: [ view_parse ] --START--
INFO: [ template_filter ] --START--
INFO: Run Behavior\ContentReplaceBehavior [ RunTime:0.001000s ]
INFO: [ template_filter ] --END-- [ RunTime:0.001000s ]
NOTIC: [8] Use of undefined constant member - assumed 'member' D:\wamp64\www\1Test\meinv\Runtime\Cache\Wehome\60872aec89a4c757798ff39f7360a2e8.php 第 61 行.
NOTIC: [8] Use of undefined constant register - assumed 'register' D:\wamp64\www\1Test\meinv\Runtime\Cache\Wehome\60872aec89a4c757798ff39f7360a2e8.php 第 61 行.
NOTIC: [2] Division by zero D:\wamp64\www\1Test\meinv\Runtime\Cache\Wehome\60872aec89a4c757798ff39f7360a2e8.php 第 61 行.
NOTIC: [8] Use of undefined constant member - assumed 'member' D:\wamp64\www\1Test\meinv\Runtime\Cache\Wehome\60872aec89a4c757798ff39f7360a2e8.php 第 77 行.
NOTIC: [8] Use of undefined constant login - assumed 'login' D:\wamp64\www\1Test\meinv\Runtime\Cache\Wehome\60872aec89a4c757798ff39f7360a2e8.php 第 77 行.
NOTIC: [2] Division by zero D:\wamp64\www\1Test\meinv\Runtime\Cache\Wehome\60872aec89a4c757798ff39f7360a2e8.php 第 77 行.
INFO: Run Behavior\ParseTemplateBehavior [ RunTime:0.010001s ]
INFO: [ view_parse ] --END-- [ RunTime:0.010001s ]
INFO: [ view_filter ] --START--
INFO: Run Behavior\WriteHtmlCacheBehavior [ RunTime:0.000000s ]
INFO: Run Behavior\TokenBuildBehavior [ RunTime:0.001000s ]
INFO: [ view_filter ] --END-- [ RunTime:0.002000s ]
INFO: [ app_end ] --START--
INFO: Run Behavior\ShowPageTraceBehavior [ RunTime:0.001000s ]
INFO: [ app_end ] --END-- [ RunTime:0.001000s ]

[ 2018-04-21T11:44:55+08:00 ] 127.0.0.1 /Wehome/member/register
INFO: [ app_begin ] --START--
INFO: Run Behavior\ReadHtmlCacheBehavior [ RunTime:0.001000s ]
INFO: [ app_begin ] --END-- [ RunTime:0.002000s ]
INFO: [ view_parse ] --START--
INFO: [ template_filter ] --START--
INFO: Run Behavior\ContentReplaceBehavior [ RunTime:0.000000s ]
INFO: [ template_filter ] --END-- [ RunTime:0.000000s ]
NOTIC: [8] Use of undefined constant member - assumed 'member' D:\wamp64\www\1Test\meinv\Runtime\Cache\Wehome\60872aec89a4c757798ff39f7360a2e8.php 第 61 行.
NOTIC: [8] Use of undefined constant register - assumed 'register' D:\wamp64\www\1Test\meinv\Runtime\Cache\Wehome\60872aec89a4c757798ff39f7360a2e8.php 第 61 行.
NOTIC: [2] Division by zero D:\wamp64\www\1Test\meinv\Runtime\Cache\Wehome\60872aec89a4c757798ff39f7360a2e8.php 第 61 行.
INFO: Run Behavior\ParseTemplateBehavior [ RunTime:0.010001s ]
INFO: [ view_parse ] --END-- [ RunTime:0.010001s ]
INFO: [ view_filter ] --START--
INFO: Run Behavior\WriteHtmlCacheBehavior [ RunTime:0.001000s ]
INFO: Run Behavior\TokenBuildBehavior [ RunTime:0.000000s ]
INFO: [ view_filter ] --END-- [ RunTime:0.001000s ]
INFO: [ app_end ] --START--
INFO: Run Behavior\ShowPageTraceBehavior [ RunTime:0.001000s ]
INFO: [ app_end ] --END-- [ RunTime:0.001000s ]

[ 2018-04-21T11:44:56+08:00 ] 127.0.0.1 /Wehome/member/register
INFO: [ app_begin ] --START--
INFO: Run Behavior\ReadHtmlCacheBehavior [ RunTime:0.001000s ]
INFO: [ app_begin ] --END-- [ RunTime:0.002000s ]
INFO: [ view_parse ] --START--
INFO: [ template_filter ] --START--
INFO: Run Behavior\ContentReplaceBehavior [ RunTime:0.000000s ]
INFO: [ template_filter ] --END-- [ RunTime:0.000000s ]
NOTIC: [8] Use of undefined constant member - assumed 'member' D:\wamp64\www\1Test\meinv\Runtime\Cache\Wehome\60872aec89a4c757798ff39f7360a2e8.php 第 61 行.
NOTIC: [8] Use of undefined constant register - assumed 'register' D:\wamp64\www\1Test\meinv\Runtime\Cache\Wehome\60872aec89a4c757798ff39f7360a2e8.php 第 61 行.
NOTIC: [2] Division by zero D:\wamp64\www\1Test\meinv\Runtime\Cache\Wehome\60872aec89a4c757798ff39f7360a2e8.php 第 61 行.
INFO: Run Behavior\ParseTemplateBehavior [ RunTime:0.010001s ]
INFO: [ view_parse ] --END-- [ RunTime:0.010001s ]
INFO: [ view_filter ] --START--
INFO: Run Behavior\WriteHtmlCacheBehavior [ RunTime:0.001000s ]
INFO: Run Behavior\TokenBuildBehavior [ RunTime:0.001000s ]
INFO: [ view_filter ] --END-- [ RunTime:0.002000s ]
INFO: [ app_end ] --START--
INFO: Run Behavior\ShowPageTraceBehavior [ RunTime:0.000000s ]
INFO: [ app_end ] --END-- [ RunTime:0.000000s ]

[ 2018-04-21T11:45:00+08:00 ] 127.0.0.1 /Wehome/member/register
INFO: [ app_begin ] --START--
INFO: Run Behavior\ReadHtmlCacheBehavior [ RunTime:0.001000s ]
INFO: [ app_begin ] --END-- [ RunTime:0.001000s ]
INFO: [ view_parse ] --START--
INFO: [ template_filter ] --START--
INFO: Run Behavior\ContentReplaceBehavior [ RunTime:0.000000s ]
INFO: [ template_filter ] --END-- [ RunTime:0.000000s ]
NOTIC: [8] Use of undefined constant member - assumed 'member' D:\wamp64\www\1Test\meinv\Runtime\Cache\Wehome\60872aec89a4c757798ff39f7360a2e8.php 第 61 行.
NOTIC: [8] Use of undefined constant register - assumed 'register' D:\wamp64\www\1Test\meinv\Runtime\Cache\Wehome\60872aec89a4c757798ff39f7360a2e8.php 第 61 行.
NOTIC: [2] Division by zero D:\wamp64\www\1Test\meinv\Runtime\Cache\Wehome\60872aec89a4c757798ff39f7360a2e8.php 第 61 行.
NOTIC: [8] Use of undefined constant member - assumed 'member' D:\wamp64\www\1Test\meinv\Runtime\Cache\Wehome\60872aec89a4c757798ff39f7360a2e8.php 第 77 行.
NOTIC: [8] Use of undefined constant login - assumed 'login' D:\wamp64\www\1Test\meinv\Runtime\Cache\Wehome\60872aec89a4c757798ff39f7360a2e8.php 第 77 行.
NOTIC: [2] Division by zero D:\wamp64\www\1Test\meinv\Runtime\Cache\Wehome\60872aec89a4c757798ff39f7360a2e8.php 第 77 行.
INFO: Run Behavior\ParseTemplateBehavior [ RunTime:0.009001s ]
INFO: [ view_parse ] --END-- [ RunTime:0.009001s ]
INFO: [ view_filter ] --START--
INFO: Run Behavior\WriteHtmlCacheBehavior [ RunTime:0.001000s ]
INFO: Run Behavior\TokenBuildBehavior [ RunTime:0.001000s ]
INFO: [ view_filter ] --END-- [ RunTime:0.002000s ]
INFO: [ app_end ] --START--
INFO: Run Behavior\ShowPageTraceBehavior [ RunTime:0.001000s ]
INFO: [ app_end ] --END-- [ RunTime:0.001000s ]

[ 2018-04-21T11:45:01+08:00 ] 127.0.0.1 /Wehome/member/register
INFO: [ app_begin ] --START--
INFO: Run Behavior\ReadHtmlCacheBehavior [ RunTime:0.000000s ]
INFO: [ app_begin ] --END-- [ RunTime:0.001000s ]
INFO: [ view_parse ] --START--
INFO: [ template_filter ] --START--
INFO: Run Behavior\ContentReplaceBehavior [ RunTime:0.000000s ]
INFO: [ template_filter ] --END-- [ RunTime:0.000000s ]
NOTIC: [8] Use of undefined constant member - assumed 'member' D:\wamp64\www\1Test\meinv\Runtime\Cache\Wehome\60872aec89a4c757798ff39f7360a2e8.php 第 61 行.
NOTIC: [8] Use of undefined constant register - assumed 'register' D:\wamp64\www\1Test\meinv\Runtime\Cache\Wehome\60872aec89a4c757798ff39f7360a2e8.php 第 61 行.
NOTIC: [2] Division by zero D:\wamp64\www\1Test\meinv\Runtime\Cache\Wehome\60872aec89a4c757798ff39f7360a2e8.php 第 61 行.
NOTIC: [8] Use of undefined constant member - assumed 'member' D:\wamp64\www\1Test\meinv\Runtime\Cache\Wehome\60872aec89a4c757798ff39f7360a2e8.php 第 77 行.
NOTIC: [8] Use of undefined constant login - assumed 'login' D:\wamp64\www\1Test\meinv\Runtime\Cache\Wehome\60872aec89a4c757798ff39f7360a2e8.php 第 77 行.
NOTIC: [2] Division by zero D:\wamp64\www\1Test\meinv\Runtime\Cache\Wehome\60872aec89a4c757798ff39f7360a2e8.php 第 77 行.
INFO: Run Behavior\ParseTemplateBehavior [ RunTime:0.007000s ]
INFO: [ view_parse ] --END-- [ RunTime:0.007000s ]
INFO: [ view_filter ] --START--
INFO: Run Behavior\WriteHtmlCacheBehavior [ RunTime:0.000000s ]
INFO: Run Behavior\TokenBuildBehavior [ RunTime:0.001000s ]
INFO: [ view_filter ] --END-- [ RunTime:0.001000s ]
INFO: [ app_end ] --START--
INFO: Run Behavior\ShowPageTraceBehavior [ RunTime:0.001000s ]
INFO: [ app_end ] --END-- [ RunTime:0.001000s ]

[ 2018-04-21T11:45:24+08:00 ] 127.0.0.1 /Wehome/member/register
INFO: [ app_begin ] --START--
INFO: Run Behavior\ReadHtmlCacheBehavior [ RunTime:0.001000s ]
INFO: [ app_begin ] --END-- [ RunTime:0.001000s ]
INFO: [ view_parse ] --START--
INFO: [ template_filter ] --START--
INFO: Run Behavior\ContentReplaceBehavior [ RunTime:0.000000s ]
INFO: [ template_filter ] --END-- [ RunTime:0.000000s ]
NOTIC: [8] Use of undefined constant member - assumed 'member' D:\wamp64\www\1Test\meinv\Runtime\Cache\Wehome\60872aec89a4c757798ff39f7360a2e8.php 第 61 行.
NOTIC: [8] Use of undefined constant register - assumed 'register' D:\wamp64\www\1Test\meinv\Runtime\Cache\Wehome\60872aec89a4c757798ff39f7360a2e8.php 第 61 行.
NOTIC: [2] Division by zero D:\wamp64\www\1Test\meinv\Runtime\Cache\Wehome\60872aec89a4c757798ff39f7360a2e8.php 第 61 行.
INFO: Run Behavior\ParseTemplateBehavior [ RunTime:0.007001s ]
INFO: [ view_parse ] --END-- [ RunTime:0.007001s ]
INFO: [ view_filter ] --START--
INFO: Run Behavior\WriteHtmlCacheBehavior [ RunTime:0.001000s ]
INFO: Run Behavior\TokenBuildBehavior [ RunTime:0.001000s ]
INFO: [ view_filter ] --END-- [ RunTime:0.002000s ]
INFO: [ app_end ] --START--
INFO: Run Behavior\ShowPageTraceBehavior [ RunTime:0.001000s ]
INFO: [ app_end ] --END-- [ RunTime:0.001000s ]

[ 2018-04-21T11:45:24+08:00 ] 127.0.0.1 /Wehome/member/register
INFO: [ app_begin ] --START--
INFO: Run Behavior\ReadHtmlCacheBehavior [ RunTime:0.001000s ]
INFO: [ app_begin ] --END-- [ RunTime:0.001000s ]
INFO: [ view_parse ] --START--
INFO: [ template_filter ] --START--
INFO: Run Behavior\ContentReplaceBehavior [ RunTime:0.000000s ]
INFO: [ template_filter ] --END-- [ RunTime:0.000000s ]
NOTIC: [8] Use of undefined constant member - assumed 'member' D:\wamp64\www\1Test\meinv\Runtime\Cache\Wehome\60872aec89a4c757798ff39f7360a2e8.php 第 61 行.
NOTIC: [8] Use of undefined constant register - assumed 'register' D:\wamp64\www\1Test\meinv\Runtime\Cache\Wehome\60872aec89a4c757798ff39f7360a2e8.php 第 61 行.
NOTIC: [2] Division by zero D:\wamp64\www\1Test\meinv\Runtime\Cache\Wehome\60872aec89a4c757798ff39f7360a2e8.php 第 61 行.
INFO: Run Behavior\ParseTemplateBehavior [ RunTime:0.006001s ]
INFO: [ view_parse ] --END-- [ RunTime:0.007001s ]
INFO: [ view_filter ] --START--
INFO: Run Behavior\WriteHtmlCacheBehavior [ RunTime:0.000000s ]
INFO: Run Behavior\TokenBuildBehavior [ RunTime:0.001000s ]
INFO: [ view_filter ] --END-- [ RunTime:0.001000s ]
INFO: [ app_end ] --START--
INFO: Run Behavior\ShowPageTraceBehavior [ RunTime:0.000000s ]
INFO: [ app_end ] --END-- [ RunTime:0.000000s ]

[ 2018-04-21T11:45:29+08:00 ] 127.0.0.1 /Wehome/member/login.html
INFO: [ app_begin ] --START--
INFO: Run Behavior\ReadHtmlCacheBehavior [ RunTime:0.000000s ]
INFO: [ app_begin ] --END-- [ RunTime:0.001000s ]
INFO: [ view_parse ] --START--
INFO: [ template_filter ] --START--
INFO: Run Behavior\ContentReplaceBehavior [ RunTime:0.000000s ]
INFO: [ template_filter ] --END-- [ RunTime:0.000000s ]
INFO: Run Behavior\ParseTemplateBehavior [ RunTime:0.006001s ]
INFO: [ view_parse ] --END-- [ RunTime:0.006001s ]
INFO: [ view_filter ] --START--
INFO: Run Behavior\WriteHtmlCacheBehavior [ RunTime:0.001000s ]
INFO: Run Behavior\TokenBuildBehavior [ RunTime:0.000000s ]
INFO: [ view_filter ] --END-- [ RunTime:0.001000s ]
INFO: [ app_end ] --START--
INFO: Run Behavior\ShowPageTraceBehavior [ RunTime:0.001000s ]
INFO: [ app_end ] --END-- [ RunTime:0.001000s ]

