[ 2018-05-30T13:01:00+08:00 ] 127.0.0.1 /Wehome/message/isread
INFO: [ app_begin ] --START--
INFO: Run Behavior\ReadHtmlCacheBehavior [ RunTime:0.002000s ]
INFO: [ app_begin ] --END-- [ RunTime:0.004000s ]
ERR: 无法加载控制器:Message

[ 2018-05-30T13:01:02+08:00 ] 127.0.0.1 /Wehome/message/isread
INFO: [ app_begin ] --START--
INFO: Run Behavior\ReadHtmlCacheBehavior [ RunTime:0.001000s ]
INFO: [ app_begin ] --END-- [ RunTime:0.002000s ]
ERR: 无法加载控制器:Message

[ 2018-05-30T13:01:04+08:00 ] 127.0.0.1 /Wehome/message/isread
INFO: [ app_begin ] --START--
INFO: Run Behavior\ReadHtmlCacheBehavior [ RunTime:0.000000s ]
INFO: [ app_begin ] --END-- [ RunTime:0.001001s ]
ERR: 无法加载控制器:Message

[ 2018-05-30T13:01:06+08:00 ] 127.0.0.1 /Wehome/message/isread
INFO: [ app_begin ] --START--
INFO: Run Behavior\ReadHtmlCacheBehavior [ RunTime:0.000000s ]
INFO: [ app_begin ] --END-- [ RunTime:0.002000s ]
ERR: 无法加载控制器:Message

[ 2018-05-30T13:01:08+08:00 ] 127.0.0.1 /Wehome/message/isread
INFO: [ app_begin ] --START--
INFO: Run Behavior\ReadHtmlCacheBehavior [ RunTime:0.001000s ]
INFO: [ app_begin ] --END-- [ RunTime:0.002000s ]
ERR: 无法加载控制器:Message

[ 2018-05-30T13:01:10+08:00 ] 127.0.0.1 /Wehome/message/isread
INFO: [ app_begin ] --START--
INFO: Run Behavior\ReadHtmlCacheBehavior [ RunTime:0.001000s ]
INFO: [ app_begin ] --END-- [ RunTime:0.001000s ]
ERR: 无法加载控制器:Message

[ 2018-05-30T13:01:12+08:00 ] 127.0.0.1 /Wehome/message/isread
INFO: [ app_begin ] --START--
INFO: Run Behavior\ReadHtmlCacheBehavior [ RunTime:0.001000s ]
INFO: [ app_begin ] --END-- [ RunTime:0.002000s ]
ERR: 无法加载控制器:Message

[ 2018-05-30T13:01:14+08:00 ] 127.0.0.1 /Wehome/message/isread
INFO: [ app_begin ] --START--
INFO: Run Behavior\ReadHtmlCacheBehavior [ RunTime:0.001000s ]
INFO: [ app_begin ] --END-- [ RunTime:0.001000s ]
ERR: 无法加载控制器:Message

[ 2018-05-30T13:01:16+08:00 ] 127.0.0.1 /Wehome/message/isread
INFO: [ app_begin ] --START--
INFO: Run Behavior\ReadHtmlCacheBehavior [ RunTime:0.001001s ]
INFO: [ app_begin ] --END-- [ RunTime:0.002001s ]
ERR: 无法加载控制器:Message

[ 2018-05-30T13:01:18+08:00 ] 127.0.0.1 /Wehome/message/isread
INFO: [ app_begin ] --START--
INFO: Run Behavior\ReadHtmlCacheBehavior [ RunTime:0.001000s ]
INFO: [ app_begin ] --END-- [ RunTime:0.001000s ]
ERR: 无法加载控制器:Message

[ 2018-05-30T13:01:20+08:00 ] 127.0.0.1 /Wehome/message/isread
INFO: [ app_begin ] --START--
INFO: Run Behavior\ReadHtmlCacheBehavior [ RunTime:0.001000s ]
INFO: [ app_begin ] --END-- [ RunTime:0.002000s ]
ERR: 无法加载控制器:Message

[ 2018-05-30T13:01:22+08:00 ] 127.0.0.1 /Wehome/message/isread
INFO: [ app_begin ] --START--
INFO: Run Behavior\ReadHtmlCacheBehavior [ RunTime:0.002000s ]
INFO: [ app_begin ] --END-- [ RunTime:0.003000s ]
ERR: 无法加载控制器:Message

[ 2018-05-30T13:01:24+08:00 ] 127.0.0.1 /Wehome/message/isread
INFO: [ app_begin ] --START--
INFO: Run Behavior\ReadHtmlCacheBehavior [ RunTime:0.000000s ]
INFO: [ app_begin ] --END-- [ RunTime:0.001000s ]
ERR: 无法加载控制器:Message

[ 2018-05-30T13:01:26+08:00 ] 127.0.0.1 /Wehome/message/isread
INFO: [ app_begin ] --START--
INFO: Run Behavior\ReadHtmlCacheBehavior [ RunTime:0.001000s ]
INFO: [ app_begin ] --END-- [ RunTime:0.002000s ]
ERR: 无法加载控制器:Message

[ 2018-05-30T13:01:28+08:00 ] 127.0.0.1 /Wehome/message/isread
INFO: [ app_begin ] --START--
INFO: Run Behavior\ReadHtmlCacheBehavior [ RunTime:0.001000s ]
INFO: [ app_begin ] --END-- [ RunTime:0.001000s ]
ERR: 无法加载控制器:Message

[ 2018-05-30T13:01:30+08:00 ] 127.0.0.1 /Wehome/message/isread
INFO: [ app_begin ] --START--
INFO: Run Behavior\ReadHtmlCacheBehavior [ RunTime:0.000000s ]
INFO: [ app_begin ] --END-- [ RunTime:0.001000s ]
ERR: 无法加载控制器:Message

[ 2018-05-30T13:01:32+08:00 ] 127.0.0.1 /Wehome/message/isread
INFO: [ app_begin ] --START--
INFO: Run Behavior\ReadHtmlCacheBehavior [ RunTime:0.001000s ]
INFO: [ app_begin ] --END-- [ RunTime:0.002001s ]
ERR: 无法加载控制器:Message

[ 2018-05-30T13:01:34+08:00 ] 127.0.0.1 /Wehome/message/isread
INFO: [ app_begin ] --START--
INFO: Run Behavior\ReadHtmlCacheBehavior [ RunTime:0.001000s ]
INFO: [ app_begin ] --END-- [ RunTime:0.001000s ]
ERR: 无法加载控制器:Message

[ 2018-05-30T13:01:36+08:00 ] 127.0.0.1 /Wehome/message/isread
INFO: [ app_begin ] --START--
INFO: Run Behavior\ReadHtmlCacheBehavior [ RunTime:0.001000s ]
INFO: [ app_begin ] --END-- [ RunTime:0.002000s ]
ERR: 无法加载控制器:Message

[ 2018-05-30T13:01:38+08:00 ] 127.0.0.1 /Wehome/message/isread
INFO: [ app_begin ] --START--
INFO: Run Behavior\ReadHtmlCacheBehavior [ RunTime:0.001000s ]
INFO: [ app_begin ] --END-- [ RunTime:0.002000s ]
ERR: 无法加载控制器:Message

[ 2018-05-30T13:01:40+08:00 ] 127.0.0.1 /Wehome/message/isread
INFO: [ app_begin ] --START--
INFO: Run Behavior\ReadHtmlCacheBehavior [ RunTime:0.001000s ]
INFO: [ app_begin ] --END-- [ RunTime:0.001000s ]
ERR: 无法加载控制器:Message

[ 2018-05-30T13:01:42+08:00 ] 127.0.0.1 /Wehome/message/isread
INFO: [ app_begin ] --START--
INFO: Run Behavior\ReadHtmlCacheBehavior [ RunTime:0.001000s ]
INFO: [ app_begin ] --END-- [ RunTime:0.002000s ]
ERR: 无法加载控制器:Message

[ 2018-05-30T13:01:44+08:00 ] 127.0.0.1 /Wehome/message/isread
INFO: [ app_begin ] --START--
INFO: Run Behavior\ReadHtmlCacheBehavior [ RunTime:0.001001s ]
INFO: [ app_begin ] --END-- [ RunTime:0.002001s ]
ERR: 无法加载控制器:Message

[ 2018-05-30T13:01:46+08:00 ] 127.0.0.1 /Wehome/message/isread
INFO: [ app_begin ] --START--
INFO: Run Behavior\ReadHtmlCacheBehavior [ RunTime:0.001001s ]
INFO: [ app_begin ] --END-- [ RunTime:0.001001s ]
ERR: 无法加载控制器:Message

[ 2018-05-30T13:01:48+08:00 ] 127.0.0.1 /Wehome/message/isread
INFO: [ app_begin ] --START--
INFO: Run Behavior\ReadHtmlCacheBehavior [ RunTime:0.003000s ]
INFO: [ app_begin ] --END-- [ RunTime:0.004000s ]
ERR: 无法加载控制器:Message

[ 2018-05-30T13:01:50+08:00 ] 127.0.0.1 /Wehome/message/isread
INFO: [ app_begin ] --START--
INFO: Run Behavior\ReadHtmlCacheBehavior [ RunTime:0.001000s ]
INFO: [ app_begin ] --END-- [ RunTime:0.003000s ]
ERR: 无法加载控制器:Message

[ 2018-05-30T13:01:52+08:00 ] 127.0.0.1 /Wehome/message/isread
INFO: [ app_begin ] --START--
INFO: Run Behavior\ReadHtmlCacheBehavior [ RunTime:0.000000s ]
INFO: [ app_begin ] --END-- [ RunTime:0.002000s ]
ERR: 无法加载控制器:Message

[ 2018-05-30T13:01:54+08:00 ] 127.0.0.1 /Wehome/message/isread
INFO: [ app_begin ] --START--
INFO: Run Behavior\ReadHtmlCacheBehavior [ RunTime:0.001000s ]
INFO: [ app_begin ] --END-- [ RunTime:0.002000s ]
ERR: 无法加载控制器:Message

[ 2018-05-30T13:01:56+08:00 ] 127.0.0.1 /Wehome/message/isread
INFO: [ app_begin ] --START--
INFO: Run Behavior\ReadHtmlCacheBehavior [ RunTime:0.001000s ]
INFO: [ app_begin ] --END-- [ RunTime:0.001000s ]
ERR: 无法加载控制器:Message

[ 2018-05-30T13:01:58+08:00 ] 127.0.0.1 /Wehome/message/isread
INFO: [ app_begin ] --START--
INFO: Run Behavior\ReadHtmlCacheBehavior [ RunTime:0.001000s ]
INFO: [ app_begin ] --END-- [ RunTime:0.002000s ]
ERR: 无法加载控制器:Message

[ 2018-05-30T13:01:59+08:00 ] 127.0.0.1 /wehome
INFO: [ app_begin ] --START--
INFO: Run Behavior\ReadHtmlCacheBehavior [ RunTime:0.001000s ]
INFO: [ app_begin ] --END-- [ RunTime:0.002000s ]
SQL: SHOW COLUMNS FROM `yu_ads` [ RunTime:0.0020s ]
SQL: SELECT * FROM `yu_ads` WHERE `position_sn` = 'banner_top' ORDER BY sortrank asc  [ RunTime:0.0010s ]
SQL: SHOW COLUMNS FROM `yu_s_type` [ RunTime:0.0010s ]
SQL: SELECT * FROM `yu_s_type` ORDER BY sortrank asc LIMIT 6   [ RunTime:0.0010s ]
SQL: SHOW COLUMNS FROM `yu_s_product` [ RunTime:0.0020s ]
SQL: SELECT `id`,`name`,`typeid`,`litpic` FROM `yu_s_product` WHERE `is_recommend` = 1  [ RunTime:0.0010s ]
INFO: [ view_parse ] --START--
INFO: [ template_filter ] --START--
INFO: Run Behavior\ContentReplaceBehavior [ RunTime:0.000000s ]
INFO: [ template_filter ] --END-- [ RunTime:0.000000s ]
SQL: SELECT `typename` FROM `yu_s_type` WHERE `id` = 1 LIMIT 1   [ RunTime:0.0000s ]
SQL: SELECT `typename` FROM `yu_s_type` WHERE `id` = 4 LIMIT 1   [ RunTime:0.0000s ]
SQL: SELECT `typename` FROM `yu_s_type` WHERE `id` = 1 LIMIT 1   [ RunTime:0.0000s ]
SQL: SELECT `typename` FROM `yu_s_type` WHERE `id` = 6 LIMIT 1   [ RunTime:0.0000s ]
SQL: SELECT `typename` FROM `yu_s_type` WHERE `id` = 7 LIMIT 1   [ RunTime:0.0000s ]
SQL: SELECT `typename` FROM `yu_s_type` WHERE `id` = 6 LIMIT 1   [ RunTime:0.0000s ]
SQL: SELECT `typename` FROM `yu_s_type` WHERE `id` = 6 LIMIT 1   [ RunTime:0.0000s ]
INFO: Run Behavior\ParseTemplateBehavior [ RunTime:0.023001s ]
INFO: [ view_parse ] --END-- [ RunTime:0.023001s ]
INFO: [ view_filter ] --START--
INFO: Run Behavior\WriteHtmlCacheBehavior [ RunTime:0.000000s ]
INFO: Run Behavior\TokenBuildBehavior [ RunTime:0.001000s ]
INFO: [ view_filter ] --END-- [ RunTime:0.001000s ]
INFO: [ app_end ] --START--
INFO: Run Behavior\ShowPageTraceBehavior [ RunTime:0.001000s ]
INFO: [ app_end ] --END-- [ RunTime:0.001000s ]

[ 2018-05-30T13:02:02+08:00 ] 127.0.0.1 /Wehome/message/isread
INFO: [ app_begin ] --START--
INFO: Run Behavior\ReadHtmlCacheBehavior [ RunTime:0.000000s ]
INFO: [ app_begin ] --END-- [ RunTime:0.002001s ]
ERR: 无法加载控制器:Message

[ 2018-05-30T13:02:04+08:00 ] 127.0.0.1 /Wehome/message/isread
INFO: [ app_begin ] --START--
INFO: Run Behavior\ReadHtmlCacheBehavior [ RunTime:0.000000s ]
INFO: [ app_begin ] --END-- [ RunTime:0.002000s ]
ERR: 无法加载控制器:Message

[ 2018-05-30T13:02:06+08:00 ] 127.0.0.1 /Wehome/message/isread
INFO: [ app_begin ] --START--
INFO: Run Behavior\ReadHtmlCacheBehavior [ RunTime:0.001000s ]
INFO: [ app_begin ] --END-- [ RunTime:0.002000s ]
ERR: 无法加载控制器:Message

[ 2018-05-30T13:02:08+08:00 ] 127.0.0.1 /Wehome/message/isread
INFO: [ app_begin ] --START--
INFO: Run Behavior\ReadHtmlCacheBehavior [ RunTime:0.001000s ]
INFO: [ app_begin ] --END-- [ RunTime:0.002000s ]
ERR: 无法加载控制器:Message

